TpTrace Verbose: 0 : 46360, 1, 2024/04/22, 16:20:50.423, 10008297783918, vstest.console.dll, Version: 17.9.0-release-23627-01 Current process architecture: X64
TpTrace Verbose: 0 : 46360, 1, 2024/04/22, 16:20:50.429, 10008297837718, vstest.console.dll, Runtime location: C:\Program Files\dotnet\shared\Microsoft.NETCore.App\8.0.2
TpTrace Verbose: 0 : 46360, 1, 2024/04/22, 16:20:50.443, 10008297982916, vstest.console.dll, ArtifactProcessingPostProcessModeProcessorExecutor.Initialize: ArtifactProcessingMode.Collect
TpTrace Verbose: 0 : 46360, 1, 2024/04/22, 16:20:50.443, 10008297985095, vstest.console.dll, TestSessionCorrelationIdProcessorModeProcessorExecutor.Initialize: TestSessionCorrelationId '38416_b072624f-1f66-4f9b-b942-673a98267d7c'
TpTrace Information: 0 : 46360, 1, 2024/04/22, 16:20:50.458, 10008298125734, vstest.console.dll, FilePatternParser: The given file C:\Users\katia\OneDrive\Рабочий стол\ExamPrepI\IdeaAPITesting\bin\Debug\net6.0\fine-code-coverage\build-output\IdeaAPITesting.dll is a full path.
TpTrace Verbose: 0 : 46360, 1, 2024/04/22, 16:20:50.471, 10008298265470, vstest.console.dll, TestPluginCache.DiscoverTestExtensions: finding test extensions in assemblies ends with: RuntimeProvider.dll TPluginInfo: Microsoft.VisualStudio.TestPlatform.Common.ExtensionFramework.Utilities.TestRuntimePluginInformation TExtension: Microsoft.VisualStudio.TestPlatform.ObjectModel.Host.ITestRuntimeProvider
TpTrace Verbose: 0 : 46360, 1, 2024/04/22, 16:20:50.472, 10008298270331, vstest.console.dll, TestPluginCache.GetExtensionPaths: Filtered extension paths: 
TpTrace Verbose: 0 : 46360, 1, 2024/04/22, 16:20:50.472, 10008298271879, vstest.console.dll, TestPluginCache.GetExtensionPaths: Added default extension paths: C:\Program Files\dotnet\sdk\8.0.200\Extensions\Microsoft.Diagnostics.NETCore.Client.dll
C:\Program Files\dotnet\sdk\8.0.200\Extensions\Microsoft.TestPlatform.Extensions.BlameDataCollector.dll
C:\Program Files\dotnet\sdk\8.0.200\Extensions\Microsoft.TestPlatform.Extensions.EventLogCollector.dll
C:\Program Files\dotnet\sdk\8.0.200\Extensions\Microsoft.TestPlatform.TestHostRuntimeProvider.dll
C:\Program Files\dotnet\sdk\8.0.200\Extensions\Microsoft.VisualStudio.TestPlatform.Extensions.Html.TestLogger.dll
C:\Program Files\dotnet\sdk\8.0.200\Extensions\Microsoft.VisualStudio.TestPlatform.Extensions.Trx.TestLogger.dll
TpTrace Verbose: 0 : 46360, 1, 2024/04/22, 16:20:50.472, 10008298272425, vstest.console.dll, TestPluginCache.GetExtensionPaths: Added unfilterableExtensionPaths: 
TpTrace Information: 0 : 46360, 1, 2024/04/22, 16:20:50.473, 10008298283941, vstest.console.dll, AssemblyResolver.ctor: Creating AssemblyResolver with searchDirectories C:\Program Files\dotnet\sdk\8.0.200\Extensions,C:\Program Files\dotnet\sdk\8.0.200
TpTrace Verbose: 0 : 46360, 1, 2024/04/22, 16:20:50.487, 10008298417355, vstest.console.dll, TestPluginCache.DiscoverTestExtensions: Discovering the extensions using extension path.
TpTrace Verbose: 0 : 46360, 1, 2024/04/22, 16:20:50.487, 10008298422374, vstest.console.dll, TestPluginCache.GetExtensionPaths: Filtered extension paths: 
TpTrace Verbose: 0 : 46360, 1, 2024/04/22, 16:20:50.487, 10008298423779, vstest.console.dll, TestPluginCache.GetExtensionPaths: Added default extension paths: C:\Program Files\dotnet\sdk\8.0.200\Extensions\Microsoft.Diagnostics.NETCore.Client.dll
C:\Program Files\dotnet\sdk\8.0.200\Extensions\Microsoft.TestPlatform.Extensions.BlameDataCollector.dll
C:\Program Files\dotnet\sdk\8.0.200\Extensions\Microsoft.TestPlatform.Extensions.EventLogCollector.dll
C:\Program Files\dotnet\sdk\8.0.200\Extensions\Microsoft.TestPlatform.TestHostRuntimeProvider.dll
C:\Program Files\dotnet\sdk\8.0.200\Extensions\Microsoft.VisualStudio.TestPlatform.Extensions.Html.TestLogger.dll
C:\Program Files\dotnet\sdk\8.0.200\Extensions\Microsoft.VisualStudio.TestPlatform.Extensions.Trx.TestLogger.dll
TpTrace Verbose: 0 : 46360, 1, 2024/04/22, 16:20:50.487, 10008298424713, vstest.console.dll, TestPluginCache.GetExtensionPaths: Added unfilterableExtensionPaths: 
TpTrace Verbose: 0 : 46360, 1, 2024/04/22, 16:20:50.488, 10008298426460, vstest.console.dll, TestPluginCache.DiscoverTestExtensions: Discovering the extensions using allExtensionPaths: C:\Program Files\dotnet\sdk\8.0.200\Extensions\Microsoft.Diagnostics.NETCore.Client.dll
C:\Program Files\dotnet\sdk\8.0.200\Extensions\Microsoft.TestPlatform.Extensions.BlameDataCollector.dll
C:\Program Files\dotnet\sdk\8.0.200\Extensions\Microsoft.TestPlatform.Extensions.EventLogCollector.dll
C:\Program Files\dotnet\sdk\8.0.200\Extensions\Microsoft.TestPlatform.TestHostRuntimeProvider.dll
C:\Program Files\dotnet\sdk\8.0.200\Extensions\Microsoft.VisualStudio.TestPlatform.Extensions.Html.TestLogger.dll
C:\Program Files\dotnet\sdk\8.0.200\Extensions\Microsoft.VisualStudio.TestPlatform.Extensions.Trx.TestLogger.dll
TpTrace Information: 0 : 46360, 1, 2024/04/22, 16:20:50.488, 10008298429910, vstest.console.dll, AssemblyResolver.AddSearchDirectories: Adding more searchDirectories C:\Program Files\dotnet\sdk\8.0.200\Extensions,C:\Program Files\dotnet\sdk\8.0.200
TpTrace Information: 0 : 46360, 1, 2024/04/22, 16:20:50.488, 10008298430777, vstest.console.dll, AssemblyResolver.AddSearchDirectories: Adding more searchDirectories C:\Program Files\dotnet\sdk\8.0.200\Extensions,C:\Program Files\dotnet\sdk\8.0.200
TpTrace Information: 0 : 46360, 1, 2024/04/22, 16:20:50.488, 10008298431234, vstest.console.dll, AssemblyResolver.AddSearchDirectories: Adding more searchDirectories C:\Program Files\dotnet\sdk\8.0.200\Extensions,C:\Program Files\dotnet\sdk\8.0.200
TpTrace Information: 0 : 46360, 1, 2024/04/22, 16:20:50.488, 10008298431630, vstest.console.dll, AssemblyResolver.AddSearchDirectories: Adding more searchDirectories C:\Program Files\dotnet\sdk\8.0.200\Extensions,C:\Program Files\dotnet\sdk\8.0.200
TpTrace Information: 0 : 46360, 1, 2024/04/22, 16:20:50.488, 10008298432098, vstest.console.dll, AssemblyResolver.AddSearchDirectories: Adding more searchDirectories C:\Program Files\dotnet\sdk\8.0.200\Extensions,C:\Program Files\dotnet\sdk\8.0.200
TpTrace Information: 0 : 46360, 1, 2024/04/22, 16:20:50.488, 10008298432522, vstest.console.dll, AssemblyResolver.AddSearchDirectories: Adding more searchDirectories C:\Program Files\dotnet\sdk\8.0.200\Extensions,C:\Program Files\dotnet\sdk\8.0.200
TpTrace Information: 0 : 46360, 1, 2024/04/22, 16:20:50.489, 10008298442387, vstest.console.dll, AssemblyResolver.OnResolve: Microsoft.Diagnostics.NETCore.Client: Resolving assembly.
TpTrace Information: 0 : 46360, 1, 2024/04/22, 16:20:50.489, 10008298444747, vstest.console.dll, AssemblyResolver.OnResolve: Microsoft.Diagnostics.NETCore.Client: Searching in: 'C:\Program Files\dotnet\sdk\8.0.200\Extensions'.
TpTrace Information: 0 : 46360, 1, 2024/04/22, 16:20:50.541, 10008298964309, vstest.console.dll, AssemblyResolver.OnResolve: Microsoft.Diagnostics.NETCore.Client: Loading assembly 'C:\Program Files\dotnet\sdk\8.0.200\Extensions\Microsoft.Diagnostics.NETCore.Client.dll'.
TpTrace Information: 0 : 46360, 1, 2024/04/22, 16:20:50.545, 10008298999681, vstest.console.dll, AssemblyResolver.OnResolve: Resolved assembly: Microsoft.Diagnostics.NETCore.Client, from path: C:\Program Files\dotnet\sdk\8.0.200\Extensions\Microsoft.Diagnostics.NETCore.Client.dll
TpTrace Verbose: 0 : 46360, 1, 2024/04/22, 16:20:50.552, 10008299067215, vstest.console.dll, MetadataReaderExtensionsHelper: Discovering extensions inside assembly 'Microsoft.Diagnostics.NETCore.Client, Version=0.2.9.2401, Culture=neutral, PublicKeyToken=31bf3856ad364e35' file path 'C:\Program Files\dotnet\sdk\8.0.200\Extensions\Microsoft.Diagnostics.NETCore.Client.dll'
TpTrace Information: 0 : 46360, 1, 2024/04/22, 16:20:50.561, 10008299157100, vstest.console.dll, AssemblyResolver.OnResolve: Microsoft.Bcl.AsyncInterfaces: Resolving assembly.
TpTrace Information: 0 : 46360, 1, 2024/04/22, 16:20:50.561, 10008299160287, vstest.console.dll, AssemblyResolver.OnResolve: Microsoft.Bcl.AsyncInterfaces: Searching in: 'C:\Program Files\dotnet\sdk\8.0.200\Extensions'.
TpTrace Information: 0 : 46360, 1, 2024/04/22, 16:20:50.561, 10008299163219, vstest.console.dll, AssemblyResolver.OnResolve: Microsoft.Bcl.AsyncInterfaces: Assembly path does not exist: 'C:\Program Files\dotnet\sdk\8.0.200\Extensions\Microsoft.Bcl.AsyncInterfaces.dll', returning.
TpTrace Information: 0 : 46360, 1, 2024/04/22, 16:20:50.562, 10008299166005, vstest.console.dll, AssemblyResolver.OnResolve: Microsoft.Bcl.AsyncInterfaces: Assembly path does not exist: 'C:\Program Files\dotnet\sdk\8.0.200\Extensions\Microsoft.Bcl.AsyncInterfaces.exe', returning.
TpTrace Information: 0 : 46360, 1, 2024/04/22, 16:20:50.562, 10008299166888, vstest.console.dll, AssemblyResolver.OnResolve: Microsoft.Bcl.AsyncInterfaces: Searching in: 'C:\Program Files\dotnet\sdk\8.0.200'.
TpTrace Information: 0 : 46360, 1, 2024/04/22, 16:20:50.562, 10008299168281, vstest.console.dll, AssemblyResolver.OnResolve: Microsoft.Bcl.AsyncInterfaces: Assembly path does not exist: 'C:\Program Files\dotnet\sdk\8.0.200\Microsoft.Bcl.AsyncInterfaces.dll', returning.
TpTrace Information: 0 : 46360, 1, 2024/04/22, 16:20:50.562, 10008299169635, vstest.console.dll, AssemblyResolver.OnResolve: Microsoft.Bcl.AsyncInterfaces: Assembly path does not exist: 'C:\Program Files\dotnet\sdk\8.0.200\Microsoft.Bcl.AsyncInterfaces.exe', returning.
TpTrace Information: 0 : 46360, 1, 2024/04/22, 16:20:50.562, 10008299170390, vstest.console.dll, AssemblyResolver.OnResolve: Microsoft.Bcl.AsyncInterfaces: Failed to load assembly.
TpTrace Verbose: 0 : 46360, 1, 2024/04/22, 16:20:50.562, 10008299171621, vstest.console.dll, CurrentDomainAssemblyResolve: Resolving assembly 'Microsoft.Bcl.AsyncInterfaces'.
TpTrace Information: 0 : 46360, 1, 2024/04/22, 16:20:50.562, 10008299173264, vstest.console.dll, AssemblyResolver.OnResolve: Microsoft.Bcl.AsyncInterfaces: Resolving assembly.
TpTrace Information: 0 : 46360, 1, 2024/04/22, 16:20:50.562, 10008299174237, vstest.console.dll, AssemblyResolver.OnResolve: Microsoft.Bcl.AsyncInterfaces: Resolved from cache.
TpTrace Verbose: 0 : 46360, 1, 2024/04/22, 16:20:50.562, 10008299174844, vstest.console.dll, CurrentDomainAssemblyResolve: Resolving assembly 'Microsoft.Bcl.AsyncInterfaces'.
TpTrace Verbose: 0 : 46360, 1, 2024/04/22, 16:20:50.562, 10008299175569, vstest.console.dll, CurrentDomainAssemblyResolve: Failed to resolve assembly 'Microsoft.Bcl.AsyncInterfaces'.
TpTrace Verbose: 0 : 46360, 1, 2024/04/22, 16:20:50.576, 10008299309831, vstest.console.dll, CurrentDomainAssemblyResolve: Failed to resolve assembly 'Microsoft.Bcl.AsyncInterfaces'.
TpTrace Warning: 0 : 46360, 1, 2024/04/22, 16:20:50.658, 10008300129584, vstest.console.dll, TestPluginDiscoverer: Failed to get types from assembly 'Microsoft.Diagnostics.NETCore.Client, Version=0.2.9.2401, Culture=neutral, PublicKeyToken=31bf3856ad364e35'. Error: System.Reflection.ReflectionTypeLoadException: Unable to load one or more of the requested types.
Could not load file or assembly 'Microsoft.Bcl.AsyncInterfaces, Version=6.0.0.0, Culture=neutral, PublicKeyToken=cc7b13ffcd2ddd51'. The system cannot find the file specified.
   at System.Reflection.RuntimeModule.GetTypes(RuntimeModule module)
   at System.Reflection.RuntimeModule.GetTypes()
   at Microsoft.VisualStudio.TestPlatform.Common.ExtensionFramework.TestPluginDiscoverer.GetTestExtensionsFromAssembly[TPluginInfo,TExtension](Assembly assembly, Dictionary`2 pluginInfos, String filePath) in /_/src/Microsoft.TestPlatform.Common/ExtensionFramework/TestPluginDiscoverer.cs:line 158
System.IO.FileNotFoundException: Could not load file or assembly 'Microsoft.Bcl.AsyncInterfaces, Version=6.0.0.0, Culture=neutral, PublicKeyToken=cc7b13ffcd2ddd51'. The system cannot find the file specified.
File name: 'Microsoft.Bcl.AsyncInterfaces, Version=6.0.0.0, Culture=neutral, PublicKeyToken=cc7b13ffcd2ddd51'
 ---> System.IO.FileNotFoundException: Could not load file or assembly 'Microsoft.Bcl.AsyncInterfaces, Culture=neutral, PublicKeyToken=null'. The system cannot find the file specified.
File name: 'Microsoft.Bcl.AsyncInterfaces, Culture=neutral, PublicKeyToken=null'
   at System.Reflection.RuntimeAssembly.InternalLoad(AssemblyName assemblyName, StackCrawlMark& stackMark, AssemblyLoadContext assemblyLoadContext, RuntimeAssembly requestingAssembly, Boolean throwOnFileNotFound)
   at System.Reflection.Assembly.Load(AssemblyName assemblyRef)
   at Microsoft.VisualStudio.TestPlatform.Common.ExtensionFramework.TestPluginCache.CurrentDomainAssemblyResolve(Object sender, AssemblyResolveEventArgs args) in /_/src/Microsoft.TestPlatform.Common/ExtensionFramework/TestPluginCache.cs:line 513
   at System.Runtime.Loader.AssemblyLoadContext.GetFirstResolvedAssemblyFromResolvingEvent(AssemblyName assemblyName)
   at System.Runtime.Loader.AssemblyLoadContext.ResolveUsingEvent(AssemblyName assemblyName)
   at System.Runtime.Loader.AssemblyLoadContext.ResolveUsingResolvingEvent(IntPtr gchManagedAssemblyLoadContext, AssemblyName assemblyName)
TpTrace Warning: 0 : 46360, 1, 2024/04/22, 16:20:50.659, 10008300140515, vstest.console.dll, LoaderExceptions: System.IO.FileNotFoundException: Could not load file or assembly 'Microsoft.Bcl.AsyncInterfaces, Version=6.0.0.0, Culture=neutral, PublicKeyToken=cc7b13ffcd2ddd51'. The system cannot find the file specified.
File name: 'Microsoft.Bcl.AsyncInterfaces, Version=6.0.0.0, Culture=neutral, PublicKeyToken=cc7b13ffcd2ddd51'
 ---> System.IO.FileNotFoundException: Could not load file or assembly 'Microsoft.Bcl.AsyncInterfaces, Culture=neutral, PublicKeyToken=null'. The system cannot find the file specified.
File name: 'Microsoft.Bcl.AsyncInterfaces, Culture=neutral, PublicKeyToken=null'
   at System.Reflection.RuntimeAssembly.InternalLoad(AssemblyName assemblyName, StackCrawlMark& stackMark, AssemblyLoadContext assemblyLoadContext, RuntimeAssembly requestingAssembly, Boolean throwOnFileNotFound)
   at System.Reflection.Assembly.Load(AssemblyName assemblyRef)
   at Microsoft.VisualStudio.TestPlatform.Common.ExtensionFramework.TestPluginCache.CurrentDomainAssemblyResolve(Object sender, AssemblyResolveEventArgs args) in /_/src/Microsoft.TestPlatform.Common/ExtensionFramework/TestPluginCache.cs:line 513
   at System.Runtime.Loader.AssemblyLoadContext.GetFirstResolvedAssemblyFromResolvingEvent(AssemblyName assemblyName)
   at System.Runtime.Loader.AssemblyLoadContext.ResolveUsingEvent(AssemblyName assemblyName)
   at System.Runtime.Loader.AssemblyLoadContext.ResolveUsingResolvingEvent(IntPtr gchManagedAssemblyLoadContext, AssemblyName assemblyName)
TpTrace Information: 0 : 46360, 1, 2024/04/22, 16:20:50.660, 10008300146263, vstest.console.dll, AssemblyResolver.OnResolve: Microsoft.TestPlatform.Extensions.BlameDataCollector: Resolving assembly.
TpTrace Information: 0 : 46360, 1, 2024/04/22, 16:20:50.660, 10008300148143, vstest.console.dll, AssemblyResolver.OnResolve: Microsoft.TestPlatform.Extensions.BlameDataCollector: Searching in: 'C:\Program Files\dotnet\sdk\8.0.200\Extensions'.
TpTrace Information: 0 : 46360, 1, 2024/04/22, 16:20:50.662, 10008300166043, vstest.console.dll, AssemblyResolver.OnResolve: Microsoft.TestPlatform.Extensions.BlameDataCollector: Loading assembly 'C:\Program Files\dotnet\sdk\8.0.200\Extensions\Microsoft.TestPlatform.Extensions.BlameDataCollector.dll'.
TpTrace Information: 0 : 46360, 1, 2024/04/22, 16:20:50.664, 10008300192657, vstest.console.dll, AssemblyResolver.OnResolve: Resolved assembly: Microsoft.TestPlatform.Extensions.BlameDataCollector, from path: C:\Program Files\dotnet\sdk\8.0.200\Extensions\Microsoft.TestPlatform.Extensions.BlameDataCollector.dll
TpTrace Verbose: 0 : 46360, 1, 2024/04/22, 16:20:50.665, 10008300195830, vstest.console.dll, MetadataReaderExtensionsHelper: Discovering extensions inside assembly 'Microsoft.TestPlatform.Extensions.BlameDataCollector, Version=15.0.0.0, Culture=neutral, PublicKeyToken=b03f5f7f11d50a3a' file path 'C:\Program Files\dotnet\sdk\8.0.200\Extensions\Microsoft.TestPlatform.Extensions.BlameDataCollector.dll'
TpTrace Information: 0 : 46360, 1, 2024/04/22, 16:20:50.669, 10008300238409, vstest.console.dll, AssemblyResolver.OnResolve: Microsoft.TestPlatform.Extensions.EventLogCollector: Resolving assembly.
TpTrace Information: 0 : 46360, 1, 2024/04/22, 16:20:50.669, 10008300240972, vstest.console.dll, AssemblyResolver.OnResolve: Microsoft.TestPlatform.Extensions.EventLogCollector: Searching in: 'C:\Program Files\dotnet\sdk\8.0.200\Extensions'.
TpTrace Information: 0 : 46360, 1, 2024/04/22, 16:20:50.670, 10008300254547, vstest.console.dll, AssemblyResolver.OnResolve: Microsoft.TestPlatform.Extensions.EventLogCollector: Loading assembly 'C:\Program Files\dotnet\sdk\8.0.200\Extensions\Microsoft.TestPlatform.Extensions.EventLogCollector.dll'.
TpTrace Information: 0 : 46360, 1, 2024/04/22, 16:20:50.672, 10008300272175, vstest.console.dll, AssemblyResolver.OnResolve: Resolved assembly: Microsoft.TestPlatform.Extensions.EventLogCollector, from path: C:\Program Files\dotnet\sdk\8.0.200\Extensions\Microsoft.TestPlatform.Extensions.EventLogCollector.dll
TpTrace Verbose: 0 : 46360, 1, 2024/04/22, 16:20:50.673, 10008300277993, vstest.console.dll, MetadataReaderExtensionsHelper: Discovering extensions inside assembly 'Microsoft.TestPlatform.Extensions.EventLogCollector, Version=15.0.0.0, Culture=neutral, PublicKeyToken=b03f5f7f11d50a3a' file path 'C:\Program Files\dotnet\sdk\8.0.200\Extensions\Microsoft.TestPlatform.Extensions.EventLogCollector.dll'
TpTrace Information: 0 : 46360, 1, 2024/04/22, 16:20:50.681, 10008300361492, vstest.console.dll, AssemblyResolver.OnResolve: Microsoft.TestPlatform.TestHostRuntimeProvider: Resolving assembly.
TpTrace Information: 0 : 46360, 1, 2024/04/22, 16:20:50.681, 10008300364364, vstest.console.dll, AssemblyResolver.OnResolve: Microsoft.TestPlatform.TestHostRuntimeProvider: Searching in: 'C:\Program Files\dotnet\sdk\8.0.200\Extensions'.
TpTrace Information: 0 : 46360, 1, 2024/04/22, 16:20:50.683, 10008300376468, vstest.console.dll, AssemblyResolver.OnResolve: Microsoft.TestPlatform.TestHostRuntimeProvider: Loading assembly 'C:\Program Files\dotnet\sdk\8.0.200\Extensions\Microsoft.TestPlatform.TestHostRuntimeProvider.dll'.
TpTrace Information: 0 : 46360, 1, 2024/04/22, 16:20:50.685, 10008300396345, vstest.console.dll, AssemblyResolver.OnResolve: Resolved assembly: Microsoft.TestPlatform.TestHostRuntimeProvider, from path: C:\Program Files\dotnet\sdk\8.0.200\Extensions\Microsoft.TestPlatform.TestHostRuntimeProvider.dll
TpTrace Verbose: 0 : 46360, 1, 2024/04/22, 16:20:50.685, 10008300399144, vstest.console.dll, MetadataReaderExtensionsHelper: Discovering extensions inside assembly 'Microsoft.TestPlatform.TestHostRuntimeProvider, Version=15.0.0.0, Culture=neutral, PublicKeyToken=b03f5f7f11d50a3a' file path 'C:\Program Files\dotnet\sdk\8.0.200\Extensions\Microsoft.TestPlatform.TestHostRuntimeProvider.dll'
TpTrace Information: 0 : 46360, 1, 2024/04/22, 16:20:50.690, 10008300455169, vstest.console.dll, GetTestExtensionFromType: Register extension with identifier data 'HostProvider://DefaultTestHost' and type 'Microsoft.VisualStudio.TestPlatform.CrossPlatEngine.Hosting.DefaultTestHostManager, Microsoft.TestPlatform.TestHostRuntimeProvider, Version=15.0.0.0, Culture=neutral, PublicKeyToken=b03f5f7f11d50a3a' inside file 'C:\Program Files\dotnet\sdk\8.0.200\Extensions\Microsoft.TestPlatform.TestHostRuntimeProvider.dll'
TpTrace Information: 0 : 46360, 1, 2024/04/22, 16:20:50.691, 10008300463061, vstest.console.dll, GetTestExtensionFromType: Register extension with identifier data 'HostProvider://DotnetTestHost' and type 'Microsoft.VisualStudio.TestPlatform.CrossPlatEngine.Hosting.DotnetTestHostManager, Microsoft.TestPlatform.TestHostRuntimeProvider, Version=15.0.0.0, Culture=neutral, PublicKeyToken=b03f5f7f11d50a3a' inside file 'C:\Program Files\dotnet\sdk\8.0.200\Extensions\Microsoft.TestPlatform.TestHostRuntimeProvider.dll'
TpTrace Information: 0 : 46360, 1, 2024/04/22, 16:20:50.692, 10008300465748, vstest.console.dll, AssemblyResolver.OnResolve: Microsoft.VisualStudio.TestPlatform.Extensions.Html.TestLogger: Resolving assembly.
TpTrace Information: 0 : 46360, 1, 2024/04/22, 16:20:50.692, 10008300466605, vstest.console.dll, AssemblyResolver.OnResolve: Microsoft.VisualStudio.TestPlatform.Extensions.Html.TestLogger: Searching in: 'C:\Program Files\dotnet\sdk\8.0.200\Extensions'.
TpTrace Information: 0 : 46360, 1, 2024/04/22, 16:20:50.693, 10008300480907, vstest.console.dll, AssemblyResolver.OnResolve: Microsoft.VisualStudio.TestPlatform.Extensions.Html.TestLogger: Loading assembly 'C:\Program Files\dotnet\sdk\8.0.200\Extensions\Microsoft.VisualStudio.TestPlatform.Extensions.Html.TestLogger.dll'.
TpTrace Information: 0 : 46360, 1, 2024/04/22, 16:20:50.695, 10008300501517, vstest.console.dll, AssemblyResolver.OnResolve: Resolved assembly: Microsoft.VisualStudio.TestPlatform.Extensions.Html.TestLogger, from path: C:\Program Files\dotnet\sdk\8.0.200\Extensions\Microsoft.VisualStudio.TestPlatform.Extensions.Html.TestLogger.dll
TpTrace Verbose: 0 : 46360, 1, 2024/04/22, 16:20:50.695, 10008300504337, vstest.console.dll, MetadataReaderExtensionsHelper: Discovering extensions inside assembly 'Microsoft.VisualStudio.TestPlatform.Extensions.Html.TestLogger, Version=15.0.0.0, Culture=neutral, PublicKeyToken=b03f5f7f11d50a3a' file path 'C:\Program Files\dotnet\sdk\8.0.200\Extensions\Microsoft.VisualStudio.TestPlatform.Extensions.Html.TestLogger.dll'
TpTrace Information: 0 : 46360, 1, 2024/04/22, 16:20:50.698, 10008300526901, vstest.console.dll, AssemblyResolver.OnResolve: Microsoft.VisualStudio.TestPlatform.Extensions.Trx.TestLogger: Resolving assembly.
TpTrace Information: 0 : 46360, 1, 2024/04/22, 16:20:50.698, 10008300529361, vstest.console.dll, AssemblyResolver.OnResolve: Microsoft.VisualStudio.TestPlatform.Extensions.Trx.TestLogger: Searching in: 'C:\Program Files\dotnet\sdk\8.0.200\Extensions'.
TpTrace Information: 0 : 46360, 1, 2024/04/22, 16:20:50.699, 10008300543890, vstest.console.dll, AssemblyResolver.OnResolve: Microsoft.VisualStudio.TestPlatform.Extensions.Trx.TestLogger: Loading assembly 'C:\Program Files\dotnet\sdk\8.0.200\Extensions\Microsoft.VisualStudio.TestPlatform.Extensions.Trx.TestLogger.dll'.
TpTrace Information: 0 : 46360, 1, 2024/04/22, 16:20:50.702, 10008300575622, vstest.console.dll, AssemblyResolver.OnResolve: Resolved assembly: Microsoft.VisualStudio.TestPlatform.Extensions.Trx.TestLogger, from path: C:\Program Files\dotnet\sdk\8.0.200\Extensions\Microsoft.VisualStudio.TestPlatform.Extensions.Trx.TestLogger.dll
TpTrace Verbose: 0 : 46360, 1, 2024/04/22, 16:20:50.703, 10008300578499, vstest.console.dll, MetadataReaderExtensionsHelper: Discovering extensions inside assembly 'Microsoft.VisualStudio.TestPlatform.Extensions.Trx.TestLogger, Version=15.0.0.0, Culture=neutral, PublicKeyToken=b03f5f7f11d50a3a' file path 'C:\Program Files\dotnet\sdk\8.0.200\Extensions\Microsoft.VisualStudio.TestPlatform.Extensions.Trx.TestLogger.dll'
TpTrace Verbose: 0 : 46360, 1, 2024/04/22, 16:20:50.707, 10008300616982, vstest.console.dll, TestPluginCache: Discovered the extensions using extension path ''.
TpTrace Verbose: 0 : 46360, 1, 2024/04/22, 16:20:50.707, 10008300619403, vstest.console.dll, TestPluginCache: Discoverers are ''.
TpTrace Verbose: 0 : 46360, 1, 2024/04/22, 16:20:50.707, 10008300620124, vstest.console.dll, TestPluginCache: Executors are ''.
TpTrace Verbose: 0 : 46360, 1, 2024/04/22, 16:20:50.707, 10008300620731, vstest.console.dll, TestPluginCache: Executors2 are ''.
TpTrace Verbose: 0 : 46360, 1, 2024/04/22, 16:20:50.707, 10008300621315, vstest.console.dll, TestPluginCache: Setting providers are ''.
TpTrace Verbose: 0 : 46360, 1, 2024/04/22, 16:20:50.707, 10008300621909, vstest.console.dll, TestPluginCache: Loggers are ''.
TpTrace Verbose: 0 : 46360, 1, 2024/04/22, 16:20:50.707, 10008300625571, vstest.console.dll, TestPluginCache: TestHosts are 'HostProvider://DefaultTestHost,HostProvider://DotnetTestHost'.
TpTrace Verbose: 0 : 46360, 1, 2024/04/22, 16:20:50.708, 10008300626825, vstest.console.dll, TestPluginCache: DataCollectors are ''.
TpTrace Information: 0 : 46360, 1, 2024/04/22, 16:20:50.758, 10008301127361, vstest.console.dll, RunTestsArgumentProcessor:Execute: Test run is starting.
TpTrace Verbose: 0 : 46360, 1, 2024/04/22, 16:20:50.758, 10008301129243, vstest.console.dll, RunTestsArgumentProcessor:Execute: Queuing Test run.
TpTrace Information: 0 : 46360, 1, 2024/04/22, 16:20:50.758, 10008301132994, vstest.console.dll, TestRequestManager.RunTests: run tests started.
TpTrace Information: 0 : 46360, 1, 2024/04/22, 16:20:50.776, 10008301313881, vstest.console.dll, AssemblyMetadataProvider.GetFrameworkName: Determined framework:'.NETCoreApp,Version=v6.0' for source: 'C:\Users\katia\OneDrive\Рабочий стол\ExamPrepI\IdeaAPITesting\bin\Debug\net6.0\fine-code-coverage\build-output\IdeaAPITesting.dll'
TpTrace Information: 0 : 46360, 1, 2024/04/22, 16:20:50.777, 10008301317576, vstest.console.dll, Determined framework for all sources: .NETCoreApp,Version=v6.0
TpTrace Verbose: 0 : 46360, 1, 2024/04/22, 16:20:50.777, 10008301323082, vstest.console.dll, TestRequestManager.UpdateRunSettingsIfRequired: Default architecture: X64 IsDefaultTargetArchitecture: True, Current process architecture: X64 OperatingSystem: Windows.
TpTrace Information: 0 : 46360, 1, 2024/04/22, 16:20:50.780, 10008301350713, vstest.console.dll, AssemblyMetadataProvider.GetArchitecture: Determined architecture:AnyCPU info for assembly: C:\Users\katia\OneDrive\Рабочий стол\ExamPrepI\IdeaAPITesting\bin\Debug\net6.0\fine-code-coverage\build-output\IdeaAPITesting.dll
TpTrace Information: 0 : 46360, 1, 2024/04/22, 16:20:50.780, 10008301352641, vstest.console.dll, Determined platform for source 'C:\Users\katia\OneDrive\Рабочий стол\ExamPrepI\IdeaAPITesting\bin\Debug\net6.0\fine-code-coverage\build-output\IdeaAPITesting.dll' was AnyCPU and it will use the default plaform X64.
TpTrace Information: 0 : 46360, 1, 2024/04/22, 16:20:50.780, 10008301353325, vstest.console.dll, None of the sources provided any runnable platform, using the default platform: X64
TpTrace Information: 0 : 46360, 1, 2024/04/22, 16:20:50.780, 10008301355486, vstest.console.dll, Platform was updated to 'X64'.
TpTrace Information: 0 : 46360, 1, 2024/04/22, 16:20:50.791, 10008301463500, vstest.console.dll, InferRunSettingsHelper.IsTestSettingsEnabled: Unable to navigate to RunSettings/MSTest. Current node: RunSettings
TpTrace Information: 0 : 46360, 1, 2024/04/22, 16:20:50.793, 10008301477206, vstest.console.dll, AssemblyResolver.OnResolve: Microsoft.VisualStudio.TestPlatform.Fakes: Resolving assembly.
TpTrace Information: 0 : 46360, 1, 2024/04/22, 16:20:50.793, 10008301478869, vstest.console.dll, AssemblyResolver.OnResolve: Microsoft.VisualStudio.TestPlatform.Fakes: Searching in: 'C:\Program Files\dotnet\sdk\8.0.200\Extensions'.
TpTrace Information: 0 : 46360, 1, 2024/04/22, 16:20:50.793, 10008301480252, vstest.console.dll, AssemblyResolver.OnResolve: Microsoft.VisualStudio.TestPlatform.Fakes: Assembly path does not exist: 'C:\Program Files\dotnet\sdk\8.0.200\Extensions\Microsoft.VisualStudio.TestPlatform.Fakes.dll', returning.
TpTrace Information: 0 : 46360, 1, 2024/04/22, 16:20:50.793, 10008301481111, vstest.console.dll, AssemblyResolver.OnResolve: Microsoft.VisualStudio.TestPlatform.Fakes: Assembly path does not exist: 'C:\Program Files\dotnet\sdk\8.0.200\Extensions\Microsoft.VisualStudio.TestPlatform.Fakes.exe', returning.
TpTrace Information: 0 : 46360, 1, 2024/04/22, 16:20:50.793, 10008301481724, vstest.console.dll, AssemblyResolver.OnResolve: Microsoft.VisualStudio.TestPlatform.Fakes: Searching in: 'C:\Program Files\dotnet\sdk\8.0.200'.
TpTrace Information: 0 : 46360, 1, 2024/04/22, 16:20:50.793, 10008301482564, vstest.console.dll, AssemblyResolver.OnResolve: Microsoft.VisualStudio.TestPlatform.Fakes: Assembly path does not exist: 'C:\Program Files\dotnet\sdk\8.0.200\Microsoft.VisualStudio.TestPlatform.Fakes.dll', returning.
TpTrace Information: 0 : 46360, 1, 2024/04/22, 16:20:50.793, 10008301483331, vstest.console.dll, AssemblyResolver.OnResolve: Microsoft.VisualStudio.TestPlatform.Fakes: Assembly path does not exist: 'C:\Program Files\dotnet\sdk\8.0.200\Microsoft.VisualStudio.TestPlatform.Fakes.exe', returning.
TpTrace Information: 0 : 46360, 1, 2024/04/22, 16:20:50.793, 10008301483776, vstest.console.dll, AssemblyResolver.OnResolve: Microsoft.VisualStudio.TestPlatform.Fakes: Failed to load assembly.
TpTrace Information: 0 : 46360, 1, 2024/04/22, 16:20:50.794, 10008301487402, vstest.console.dll, Failed to load assembly Microsoft.VisualStudio.TestPlatform.Fakes, Version=17.0.0.0, Culture=neutral. Reason:System.IO.FileNotFoundException: Could not load file or assembly 'Microsoft.VisualStudio.TestPlatform.Fakes, Version=17.0.0.0, Culture=neutral, PublicKeyToken=null'. The system cannot find the file specified.
File name: 'Microsoft.VisualStudio.TestPlatform.Fakes, Version=17.0.0.0, Culture=neutral, PublicKeyToken=null'
   at System.Reflection.RuntimeAssembly.InternalLoad(AssemblyName assemblyName, StackCrawlMark& stackMark, AssemblyLoadContext assemblyLoadContext, RuntimeAssembly requestingAssembly, Boolean throwOnFileNotFound)
   at System.Reflection.Assembly.Load(AssemblyName assemblyRef)
   at Microsoft.VisualStudio.TestPlatform.Common.Utilities.FakesUtilities.LoadTestPlatformAssembly() in /_/src/Microsoft.TestPlatform.Common/Utilities/FakesUtilities.cs:line 272
TpTrace Verbose: 0 : 46360, 1, 2024/04/22, 16:20:50.801, 10008301557153, vstest.console.dll, TestPluginCache.DiscoverTestExtensions: finding test extensions in assemblies ends with: TestLogger.dll TPluginInfo: Microsoft.VisualStudio.TestPlatform.Common.ExtensionFramework.Utilities.TestLoggerPluginInformation TExtension: Microsoft.VisualStudio.TestPlatform.ObjectModel.Client.ITestLogger
TpTrace Verbose: 0 : 46360, 1, 2024/04/22, 16:20:50.801, 10008301559491, vstest.console.dll, TestPluginCache.GetExtensionPaths: Filtered extension paths: 
TpTrace Verbose: 0 : 46360, 1, 2024/04/22, 16:20:50.801, 10008301560006, vstest.console.dll, TestPluginCache.GetExtensionPaths: Added default extension paths: C:\Program Files\dotnet\sdk\8.0.200\Extensions\Microsoft.Diagnostics.NETCore.Client.dll
C:\Program Files\dotnet\sdk\8.0.200\Extensions\Microsoft.TestPlatform.Extensions.BlameDataCollector.dll
C:\Program Files\dotnet\sdk\8.0.200\Extensions\Microsoft.TestPlatform.Extensions.EventLogCollector.dll
C:\Program Files\dotnet\sdk\8.0.200\Extensions\Microsoft.TestPlatform.TestHostRuntimeProvider.dll
C:\Program Files\dotnet\sdk\8.0.200\Extensions\Microsoft.VisualStudio.TestPlatform.Extensions.Html.TestLogger.dll
C:\Program Files\dotnet\sdk\8.0.200\Extensions\Microsoft.VisualStudio.TestPlatform.Extensions.Trx.TestLogger.dll
TpTrace Verbose: 0 : 46360, 1, 2024/04/22, 16:20:50.801, 10008301560405, vstest.console.dll, TestPluginCache.GetExtensionPaths: Added unfilterableExtensionPaths: 
TpTrace Information: 0 : 46360, 1, 2024/04/22, 16:20:50.801, 10008301562400, vstest.console.dll, AssemblyResolver.AddSearchDirectories: Adding more searchDirectories C:\Program Files\dotnet\sdk\8.0.200\Extensions,C:\Program Files\dotnet\sdk\8.0.200
TpTrace Verbose: 0 : 46360, 1, 2024/04/22, 16:20:50.801, 10008301562991, vstest.console.dll, TestPluginCache.DiscoverTestExtensions: Discovering the extensions using extension path.
TpTrace Verbose: 0 : 46360, 1, 2024/04/22, 16:20:50.801, 10008301563484, vstest.console.dll, TestPluginCache.GetExtensionPaths: Filtered extension paths: 
TpTrace Verbose: 0 : 46360, 1, 2024/04/22, 16:20:50.801, 10008301563938, vstest.console.dll, TestPluginCache.GetExtensionPaths: Added default extension paths: C:\Program Files\dotnet\sdk\8.0.200\Extensions\Microsoft.Diagnostics.NETCore.Client.dll
C:\Program Files\dotnet\sdk\8.0.200\Extensions\Microsoft.TestPlatform.Extensions.BlameDataCollector.dll
C:\Program Files\dotnet\sdk\8.0.200\Extensions\Microsoft.TestPlatform.Extensions.EventLogCollector.dll
C:\Program Files\dotnet\sdk\8.0.200\Extensions\Microsoft.TestPlatform.TestHostRuntimeProvider.dll
C:\Program Files\dotnet\sdk\8.0.200\Extensions\Microsoft.VisualStudio.TestPlatform.Extensions.Html.TestLogger.dll
C:\Program Files\dotnet\sdk\8.0.200\Extensions\Microsoft.VisualStudio.TestPlatform.Extensions.Trx.TestLogger.dll
TpTrace Verbose: 0 : 46360, 1, 2024/04/22, 16:20:50.801, 10008301564307, vstest.console.dll, TestPluginCache.GetExtensionPaths: Added unfilterableExtensionPaths: 
TpTrace Verbose: 0 : 46360, 1, 2024/04/22, 16:20:50.801, 10008301564969, vstest.console.dll, TestPluginCache.DiscoverTestExtensions: Discovering the extensions using allExtensionPaths: C:\Program Files\dotnet\sdk\8.0.200\Extensions\Microsoft.Diagnostics.NETCore.Client.dll
C:\Program Files\dotnet\sdk\8.0.200\Extensions\Microsoft.TestPlatform.Extensions.BlameDataCollector.dll
C:\Program Files\dotnet\sdk\8.0.200\Extensions\Microsoft.TestPlatform.Extensions.EventLogCollector.dll
C:\Program Files\dotnet\sdk\8.0.200\Extensions\Microsoft.TestPlatform.TestHostRuntimeProvider.dll
C:\Program Files\dotnet\sdk\8.0.200\Extensions\Microsoft.VisualStudio.TestPlatform.Extensions.Html.TestLogger.dll
C:\Program Files\dotnet\sdk\8.0.200\Extensions\Microsoft.VisualStudio.TestPlatform.Extensions.Trx.TestLogger.dll
TpTrace Information: 0 : 46360, 1, 2024/04/22, 16:20:50.801, 10008301565597, vstest.console.dll, AssemblyResolver.AddSearchDirectories: Adding more searchDirectories C:\Program Files\dotnet\sdk\8.0.200\Extensions,C:\Program Files\dotnet\sdk\8.0.200
TpTrace Information: 0 : 46360, 1, 2024/04/22, 16:20:50.802, 10008301566079, vstest.console.dll, AssemblyResolver.AddSearchDirectories: Adding more searchDirectories C:\Program Files\dotnet\sdk\8.0.200\Extensions,C:\Program Files\dotnet\sdk\8.0.200
TpTrace Information: 0 : 46360, 1, 2024/04/22, 16:20:50.802, 10008301566502, vstest.console.dll, AssemblyResolver.AddSearchDirectories: Adding more searchDirectories C:\Program Files\dotnet\sdk\8.0.200\Extensions,C:\Program Files\dotnet\sdk\8.0.200
TpTrace Information: 0 : 46360, 1, 2024/04/22, 16:20:50.802, 10008301566902, vstest.console.dll, AssemblyResolver.AddSearchDirectories: Adding more searchDirectories C:\Program Files\dotnet\sdk\8.0.200\Extensions,C:\Program Files\dotnet\sdk\8.0.200
TpTrace Information: 0 : 46360, 1, 2024/04/22, 16:20:50.802, 10008301567308, vstest.console.dll, AssemblyResolver.AddSearchDirectories: Adding more searchDirectories C:\Program Files\dotnet\sdk\8.0.200\Extensions,C:\Program Files\dotnet\sdk\8.0.200
TpTrace Information: 0 : 46360, 1, 2024/04/22, 16:20:50.802, 10008301567743, vstest.console.dll, AssemblyResolver.AddSearchDirectories: Adding more searchDirectories C:\Program Files\dotnet\sdk\8.0.200\Extensions,C:\Program Files\dotnet\sdk\8.0.200
TpTrace Verbose: 0 : 46360, 1, 2024/04/22, 16:20:50.802, 10008301569098, vstest.console.dll, MetadataReaderExtensionsHelper: Discovering extensions inside assembly 'Microsoft.Diagnostics.NETCore.Client, Version=0.2.9.2401, Culture=neutral, PublicKeyToken=31bf3856ad364e35' file path 'C:\Program Files\dotnet\sdk\8.0.200\Extensions\Microsoft.Diagnostics.NETCore.Client.dll'
TpTrace Information: 0 : 46360, 1, 2024/04/22, 16:20:50.803, 10008301577855, vstest.console.dll, AssemblyResolver.OnResolve: Microsoft.Bcl.AsyncInterfaces: Resolving assembly.
TpTrace Information: 0 : 46360, 1, 2024/04/22, 16:20:50.803, 10008301579210, vstest.console.dll, AssemblyResolver.OnResolve: Microsoft.Bcl.AsyncInterfaces: Resolved from cache.
TpTrace Verbose: 0 : 46360, 1, 2024/04/22, 16:20:50.803, 10008301579696, vstest.console.dll, CurrentDomainAssemblyResolve: Resolving assembly 'Microsoft.Bcl.AsyncInterfaces'.
TpTrace Information: 0 : 46360, 1, 2024/04/22, 16:20:50.803, 10008301580339, vstest.console.dll, AssemblyResolver.OnResolve: Microsoft.Bcl.AsyncInterfaces: Resolving assembly.
TpTrace Information: 0 : 46360, 1, 2024/04/22, 16:20:50.803, 10008301580764, vstest.console.dll, AssemblyResolver.OnResolve: Microsoft.Bcl.AsyncInterfaces: Resolved from cache.
TpTrace Verbose: 0 : 46360, 1, 2024/04/22, 16:20:50.803, 10008301581121, vstest.console.dll, CurrentDomainAssemblyResolve: Resolving assembly 'Microsoft.Bcl.AsyncInterfaces'.
TpTrace Verbose: 0 : 46360, 1, 2024/04/22, 16:20:50.803, 10008301581483, vstest.console.dll, CurrentDomainAssemblyResolve: Failed to resolve assembly 'Microsoft.Bcl.AsyncInterfaces'.
TpTrace Verbose: 0 : 46360, 1, 2024/04/22, 16:20:50.803, 10008301583202, vstest.console.dll, CurrentDomainAssemblyResolve: Failed to resolve assembly 'Microsoft.Bcl.AsyncInterfaces'.
TpTrace Warning: 0 : 46360, 1, 2024/04/22, 16:20:50.804, 10008301587054, vstest.console.dll, TestPluginDiscoverer: Failed to get types from assembly 'Microsoft.Diagnostics.NETCore.Client, Version=0.2.9.2401, Culture=neutral, PublicKeyToken=31bf3856ad364e35'. Error: System.Reflection.ReflectionTypeLoadException: Unable to load one or more of the requested types.
Could not load file or assembly 'Microsoft.Bcl.AsyncInterfaces, Version=6.0.0.0, Culture=neutral, PublicKeyToken=cc7b13ffcd2ddd51'. The system cannot find the file specified.
   at System.Reflection.RuntimeModule.GetTypes(RuntimeModule module)
   at System.Reflection.RuntimeModule.GetTypes()
   at Microsoft.VisualStudio.TestPlatform.Common.ExtensionFramework.TestPluginDiscoverer.GetTestExtensionsFromAssembly[TPluginInfo,TExtension](Assembly assembly, Dictionary`2 pluginInfos, String filePath) in /_/src/Microsoft.TestPlatform.Common/ExtensionFramework/TestPluginDiscoverer.cs:line 158
System.IO.FileNotFoundException: Could not load file or assembly 'Microsoft.Bcl.AsyncInterfaces, Version=6.0.0.0, Culture=neutral, PublicKeyToken=cc7b13ffcd2ddd51'. The system cannot find the file specified.
File name: 'Microsoft.Bcl.AsyncInterfaces, Version=6.0.0.0, Culture=neutral, PublicKeyToken=cc7b13ffcd2ddd51'
 ---> System.IO.FileNotFoundException: Could not load file or assembly 'Microsoft.Bcl.AsyncInterfaces, Culture=neutral, PublicKeyToken=null'. The system cannot find the file specified.
File name: 'Microsoft.Bcl.AsyncInterfaces, Culture=neutral, PublicKeyToken=null'
   at System.Reflection.RuntimeAssembly.InternalLoad(AssemblyName assemblyName, StackCrawlMark& stackMark, AssemblyLoadContext assemblyLoadContext, RuntimeAssembly requestingAssembly, Boolean throwOnFileNotFound)
   at System.Reflection.Assembly.Load(AssemblyName assemblyRef)
   at Microsoft.VisualStudio.TestPlatform.Common.ExtensionFramework.TestPluginCache.CurrentDomainAssemblyResolve(Object sender, AssemblyResolveEventArgs args) in /_/src/Microsoft.TestPlatform.Common/ExtensionFramework/TestPluginCache.cs:line 513
   at System.Runtime.Loader.AssemblyLoadContext.GetFirstResolvedAssemblyFromResolvingEvent(AssemblyName assemblyName)
   at System.Runtime.Loader.AssemblyLoadContext.ResolveUsingEvent(AssemblyName assemblyName)
   at System.Runtime.Loader.AssemblyLoadContext.ResolveUsingResolvingEvent(IntPtr gchManagedAssemblyLoadContext, AssemblyName assemblyName)
TpTrace Warning: 0 : 46360, 1, 2024/04/22, 16:20:50.804, 10008301589447, vstest.console.dll, LoaderExceptions: System.IO.FileNotFoundException: Could not load file or assembly 'Microsoft.Bcl.AsyncInterfaces, Version=6.0.0.0, Culture=neutral, PublicKeyToken=cc7b13ffcd2ddd51'. The system cannot find the file specified.
File name: 'Microsoft.Bcl.AsyncInterfaces, Version=6.0.0.0, Culture=neutral, PublicKeyToken=cc7b13ffcd2ddd51'
 ---> System.IO.FileNotFoundException: Could not load file or assembly 'Microsoft.Bcl.AsyncInterfaces, Culture=neutral, PublicKeyToken=null'. The system cannot find the file specified.
File name: 'Microsoft.Bcl.AsyncInterfaces, Culture=neutral, PublicKeyToken=null'
   at System.Reflection.RuntimeAssembly.InternalLoad(AssemblyName assemblyName, StackCrawlMark& stackMark, AssemblyLoadContext assemblyLoadContext, RuntimeAssembly requestingAssembly, Boolean throwOnFileNotFound)
   at System.Reflection.Assembly.Load(AssemblyName assemblyRef)
   at Microsoft.VisualStudio.TestPlatform.Common.ExtensionFramework.TestPluginCache.CurrentDomainAssemblyResolve(Object sender, AssemblyResolveEventArgs args) in /_/src/Microsoft.TestPlatform.Common/ExtensionFramework/TestPluginCache.cs:line 513
   at System.Runtime.Loader.AssemblyLoadContext.GetFirstResolvedAssemblyFromResolvingEvent(AssemblyName assemblyName)
   at System.Runtime.Loader.AssemblyLoadContext.ResolveUsingEvent(AssemblyName assemblyName)
   at System.Runtime.Loader.AssemblyLoadContext.ResolveUsingResolvingEvent(IntPtr gchManagedAssemblyLoadContext, AssemblyName assemblyName)
TpTrace Verbose: 0 : 46360, 1, 2024/04/22, 16:20:50.804, 10008301591210, vstest.console.dll, MetadataReaderExtensionsHelper: Discovering extensions inside assembly 'Microsoft.TestPlatform.Extensions.BlameDataCollector, Version=15.0.0.0, Culture=neutral, PublicKeyToken=b03f5f7f11d50a3a' file path 'C:\Program Files\dotnet\sdk\8.0.200\Extensions\Microsoft.TestPlatform.Extensions.BlameDataCollector.dll'
TpTrace Information: 0 : 46360, 1, 2024/04/22, 16:20:50.805, 10008301599001, vstest.console.dll, GetTestExtensionFromType: Register extension with identifier data 'logger://Microsoft/TestPlatform/Extensions/Blame/v1' and type 'Microsoft.TestPlatform.Extensions.BlameDataCollector.BlameLogger, Microsoft.TestPlatform.Extensions.BlameDataCollector, Version=15.0.0.0, Culture=neutral, PublicKeyToken=b03f5f7f11d50a3a' inside file 'C:\Program Files\dotnet\sdk\8.0.200\Extensions\Microsoft.TestPlatform.Extensions.BlameDataCollector.dll'
TpTrace Verbose: 0 : 46360, 1, 2024/04/22, 16:20:50.805, 10008301600987, vstest.console.dll, MetadataReaderExtensionsHelper: Discovering extensions inside assembly 'Microsoft.TestPlatform.Extensions.EventLogCollector, Version=15.0.0.0, Culture=neutral, PublicKeyToken=b03f5f7f11d50a3a' file path 'C:\Program Files\dotnet\sdk\8.0.200\Extensions\Microsoft.TestPlatform.Extensions.EventLogCollector.dll'
TpTrace Verbose: 0 : 46360, 1, 2024/04/22, 16:20:50.806, 10008301607208, vstest.console.dll, MetadataReaderExtensionsHelper: Discovering extensions inside assembly 'Microsoft.TestPlatform.TestHostRuntimeProvider, Version=15.0.0.0, Culture=neutral, PublicKeyToken=b03f5f7f11d50a3a' file path 'C:\Program Files\dotnet\sdk\8.0.200\Extensions\Microsoft.TestPlatform.TestHostRuntimeProvider.dll'
TpTrace Verbose: 0 : 46360, 1, 2024/04/22, 16:20:50.806, 10008301614773, vstest.console.dll, MetadataReaderExtensionsHelper: Discovering extensions inside assembly 'Microsoft.VisualStudio.TestPlatform.Extensions.Html.TestLogger, Version=15.0.0.0, Culture=neutral, PublicKeyToken=b03f5f7f11d50a3a' file path 'C:\Program Files\dotnet\sdk\8.0.200\Extensions\Microsoft.VisualStudio.TestPlatform.Extensions.Html.TestLogger.dll'
TpTrace Information: 0 : 46360, 1, 2024/04/22, 16:20:50.808, 10008301626200, vstest.console.dll, GetTestExtensionFromType: Register extension with identifier data 'logger://Microsoft/TestPlatform/HtmlLogger/v1' and type 'Microsoft.VisualStudio.TestPlatform.Extensions.HtmlLogger.HtmlLogger, Microsoft.VisualStudio.TestPlatform.Extensions.Html.TestLogger, Version=15.0.0.0, Culture=neutral, PublicKeyToken=b03f5f7f11d50a3a' inside file 'C:\Program Files\dotnet\sdk\8.0.200\Extensions\Microsoft.VisualStudio.TestPlatform.Extensions.Html.TestLogger.dll'
TpTrace Verbose: 0 : 46360, 1, 2024/04/22, 16:20:50.808, 10008301628557, vstest.console.dll, MetadataReaderExtensionsHelper: Discovering extensions inside assembly 'Microsoft.VisualStudio.TestPlatform.Extensions.Trx.TestLogger, Version=15.0.0.0, Culture=neutral, PublicKeyToken=b03f5f7f11d50a3a' file path 'C:\Program Files\dotnet\sdk\8.0.200\Extensions\Microsoft.VisualStudio.TestPlatform.Extensions.Trx.TestLogger.dll'
TpTrace Information: 0 : 46360, 1, 2024/04/22, 16:20:50.809, 10008301636261, vstest.console.dll, GetTestExtensionFromType: Register extension with identifier data 'logger://Microsoft/TestPlatform/TrxLogger/v1' and type 'Microsoft.VisualStudio.TestPlatform.Extensions.TrxLogger.TrxLogger, Microsoft.VisualStudio.TestPlatform.Extensions.Trx.TestLogger, Version=15.0.0.0, Culture=neutral, PublicKeyToken=b03f5f7f11d50a3a' inside file 'C:\Program Files\dotnet\sdk\8.0.200\Extensions\Microsoft.VisualStudio.TestPlatform.Extensions.Trx.TestLogger.dll'
TpTrace Verbose: 0 : 46360, 1, 2024/04/22, 16:20:50.809, 10008301638273, vstest.console.dll, TestPluginCache: Discovered the extensions using extension path ''.
TpTrace Verbose: 0 : 46360, 1, 2024/04/22, 16:20:50.809, 10008301639083, vstest.console.dll, TestPluginCache: Discoverers are ''.
TpTrace Verbose: 0 : 46360, 1, 2024/04/22, 16:20:50.809, 10008301639621, vstest.console.dll, TestPluginCache: Executors are ''.
TpTrace Verbose: 0 : 46360, 1, 2024/04/22, 16:20:50.809, 10008301640216, vstest.console.dll, TestPluginCache: Executors2 are ''.
TpTrace Verbose: 0 : 46360, 1, 2024/04/22, 16:20:50.809, 10008301640892, vstest.console.dll, TestPluginCache: Setting providers are ''.
TpTrace Verbose: 0 : 46360, 1, 2024/04/22, 16:20:50.810, 10008301646083, vstest.console.dll, TestPluginCache: Loggers are 'logger://Microsoft/TestPlatform/Extensions/Blame/v1,logger://Microsoft/TestPlatform/HtmlLogger/v1,logger://Microsoft/TestPlatform/TrxLogger/v1'.
TpTrace Verbose: 0 : 46360, 1, 2024/04/22, 16:20:50.810, 10008301649190, vstest.console.dll, TestPluginCache: TestHosts are 'HostProvider://DefaultTestHost,HostProvider://DotnetTestHost'.
TpTrace Verbose: 0 : 46360, 1, 2024/04/22, 16:20:50.810, 10008301650225, vstest.console.dll, TestPluginCache: DataCollectors are ''.
TpTrace Information: 0 : 46360, 1, 2024/04/22, 16:20:50.812, 10008301668609, vstest.console.dll, TestPluginManager.CreateTestExtension: Attempting to load test extension: Microsoft.TestPlatform.Extensions.BlameDataCollector.BlameLogger
TpTrace Verbose: 0 : 46360, 1, 2024/04/22, 16:20:50.842, 10008301966361, vstest.console.dll, TestEngine: Initializing Parallel Execution as MaxCpuCount is set to: 1
TpTrace Information: 0 : 46360, 1, 2024/04/22, 16:20:50.844, 10008301988423, vstest.console.dll, TestPluginManager.CreateTestExtension: Attempting to load test extension: Microsoft.VisualStudio.TestPlatform.CrossPlatEngine.Hosting.DefaultTestHostManager
TpTrace Information: 0 : 46360, 1, 2024/04/22, 16:20:50.846, 10008302006007, vstest.console.dll, TestPluginManager.CreateTestExtension: Attempting to load test extension: Microsoft.VisualStudio.TestPlatform.CrossPlatEngine.Hosting.DotnetTestHostManager
TpTrace Information: 0 : 46360, 1, 2024/04/22, 16:20:50.847, 10008302015987, vstest.console.dll, InferRunSettingsHelper.IsTestSettingsEnabled: Unable to navigate to RunSettings/MSTest. Current node: RunSettings
TpTrace Verbose: 0 : 46360, 1, 2024/04/22, 16:20:50.848, 10008302030418, vstest.console.dll, ParallelOperationManager.ClearSlots: Clearing all slots. Slots should accept more work: True
TpTrace Verbose: 0 : 46360, 1, 2024/04/22, 16:20:50.849, 10008302042759, vstest.console.dll, ParallelOperationManager.SetOccupiedSlotCount: Setting slot counts AvailableSlotCount = 3, OccupiedSlotCount = 0.
TpTrace Verbose: 0 : 46360, 1, 2024/04/22, 16:20:50.850, 10008302047581, vstest.console.dll, Occupied slots:

TpTrace Verbose: 0 : 46360, 1, 2024/04/22, 16:20:50.853, 10008302083346, vstest.console.dll, TestEngine.GetExecutionManager: Chosen execution manager 'Microsoft.VisualStudio.TestPlatform.CrossPlatEngine.Client.Parallel.ParallelProxyExecutionManager, Microsoft.TestPlatform.CrossPlatEngine, Version=15.0.0.0, Culture=neutral, PublicKeyToken=b03f5f7f11d50a3a' ParallelLevel '1'.
TpTrace Verbose: 0 : 46360, 1, 2024/04/22, 16:20:50.854, 10008302086086, vstest.console.dll, TestRunRequest.ExecuteAsync: Creating test run request.
TpTrace Verbose: 0 : 46360, 1, 2024/04/22, 16:20:50.854, 10008302088761, vstest.console.dll, TestRunRequest.ExecuteAsync: Starting.
TpTrace Information: 0 : 46360, 1, 2024/04/22, 16:20:50.855, 10008302100787, vstest.console.dll, TestRunRequest.ExecuteAsync: Starting run with settings:TestRunCriteria:
   KeepAlive=False,FrequencyOfRunStatsChangeEvent=10,RunStatsChangeEventTimeout=00:00:01.5000000,TestCaseFilter=,TestExecutorLauncher=
   Settingsxml=<RunSettings>
  <RunConfiguration>
    <ResultsDirectory>C:\Users\katia\OneDrive\Рабочий стол\ExamPrepI\IdeaAPITesting\bin\Debug\net6.0\fine-code-coverage\coverage-tool-output</ResultsDirectory>
    <TargetPlatform>X64</TargetPlatform>
    <TargetFrameworkVersion>.NETCoreApp,Version=v6.0</TargetFrameworkVersion>
    <DesignMode>False</DesignMode>
    <CollectSourceInformation>False</CollectSourceInformation>
  </RunConfiguration>
  <LoggerRunSettings>
    <Loggers>
      <Logger friendlyName="blame" enabled="True" />
      <Logger friendlyName="Console" uri="logger://microsoft/TestPlatform/ConsoleLogger/v1" assemblyQualifiedName="Microsoft.VisualStudio.TestPlatform.CommandLine.Internal.ConsoleLogger, vstest.console, Version=15.0.0.0, Culture=neutral, PublicKeyToken=b03f5f7f11d50a3a" codeBase="C:\Program Files\dotnet\sdk\8.0.200\vstest.console.dll" enabled="True" />
    </Loggers>
  </LoggerRunSettings>
  <DataCollectionRunSettings>
    <DataCollectors>
      <DataCollector friendlyName="blame" enabled="True">
        <Configuration>
          <ResultsDirectory>C:\Users\katia\OneDrive\Рабочий стол\ExamPrepI\IdeaAPITesting\bin\Debug\net6.0\fine-code-coverage\coverage-tool-output</ResultsDirectory>
        </Configuration>
      </DataCollector>
    </DataCollectors>
  </DataCollectionRunSettings>
</RunSettings>

TpTrace Verbose: 0 : 46360, 1, 2024/04/22, 16:20:50.855, 10008302101989, vstest.console.dll, TestRunRequest.ExecuteAsync: Wait for the first run request is over.
TpTrace Verbose: 0 : 46360, 1, 2024/04/22, 16:20:50.860, 10008302154281, vstest.console.dll, MulticastDelegateUtilities.SafeInvoke: TestRun.TestRunStart: Invoking callbacks was skipped because there are no subscribers.
TpTrace Verbose: 0 : 46360, 4, 2024/04/22, 16:20:50.861, 10008302157805, vstest.console.dll, MulticastDelegateUtilities.SafeInvoke: InternalTestLoggerEvents.SendTestRunStart: Invoking callback 1/1 for Microsoft.VisualStudio.TestPlatform.CommandLine.Internal.ConsoleLogger., took 0 ms.
TpTrace Verbose: 0 : 46360, 1, 2024/04/22, 16:20:50.862, 10008302171994, vstest.console.dll, ParallelProxyExecutionManager: Start execution. Total sources: 1
TpTrace Verbose: 0 : 46360, 1, 2024/04/22, 16:20:50.863, 10008302176606, vstest.console.dll, ParallelOperationManager.StartWork: Starting adding 1 workloads.
TpTrace Verbose: 0 : 46360, 1, 2024/04/22, 16:20:50.863, 10008302177664, vstest.console.dll, ParallelOperationManager.ClearSlots: Clearing all slots. Slots should accept more work: True
TpTrace Verbose: 0 : 46360, 1, 2024/04/22, 16:20:50.863, 10008302178547, vstest.console.dll, ParallelOperationManager.SetOccupiedSlotCount: Setting slot counts AvailableSlotCount = 3, OccupiedSlotCount = 0.
TpTrace Verbose: 0 : 46360, 1, 2024/04/22, 16:20:50.863, 10008302179082, vstest.console.dll, Occupied slots:

TpTrace Verbose: 0 : 46360, 1, 2024/04/22, 16:20:50.864, 10008302193887, vstest.console.dll, TestRequestSender is acting as server.
TpTrace Verbose: 0 : 46360, 1, 2024/04/22, 16:20:50.868, 10008302230283, vstest.console.dll, ParallelOperationManager.RunWorkInParallel: Adding 1 workload to slot, remaining workloads 0.
TpTrace Verbose: 0 : 46360, 1, 2024/04/22, 16:20:50.868, 10008302232112, vstest.console.dll, ParallelOperationManager.SetOccupiedSlotCount: Setting slot counts AvailableSlotCount = 2, OccupiedSlotCount = 1.
TpTrace Verbose: 0 : 46360, 1, 2024/04/22, 16:20:50.868, 10008302233594, vstest.console.dll, Occupied slots:
0: C:\Users\katia\OneDrive\Рабочий стол\ExamPrepI\IdeaAPITesting\bin\Debug\net6.0\fine-code-coverage\build-output\IdeaAPITesting.dll
TpTrace Verbose: 0 : 46360, 1, 2024/04/22, 16:20:50.872, 10008302272435, vstest.console.dll, ParallelOperationManager.RunWorkInParallel: Started host in slot number 0 for work (source): C:\Users\katia\OneDrive\Рабочий стол\ExamPrepI\IdeaAPITesting\bin\Debug\net6.0\fine-code-coverage\build-output\IdeaAPITesting.dll.
TpTrace Verbose: 0 : 46360, 1, 2024/04/22, 16:20:50.874, 10008302286788, vstest.console.dll, ParallelOperationManager.RunWorkInParallel: We started 1 work items, which is the max parallel level. Won't start more work.
TpTrace Verbose: 0 : 46360, 1, 2024/04/22, 16:20:50.874, 10008302288705, vstest.console.dll, ParallelOperationManager.RunWorkInParallel: We started 1 work items in here, returning True.
TpTrace Information: 0 : 46360, 1, 2024/04/22, 16:20:50.874, 10008302289390, vstest.console.dll, TestRunRequest.ExecuteAsync: Started.
TpTrace Verbose: 0 : 46360, 5, 2024/04/22, 16:20:50.874, 10008302289368, vstest.console.dll, ParallelProxyExecutionManager.StartTestRunOnConcurrentManager: Initializing uninitialized client. Started clients: 0
TpTrace Verbose: 0 : 46360, 5, 2024/04/22, 16:20:50.874, 10008302293198, vstest.console.dll, DataCollectionRequestSender.InitializeCommunication : Initialize communication. 
TpTrace Verbose: 0 : 46360, 1, 2024/04/22, 16:20:50.874, 10008302295491, vstest.console.dll, TestRunRequest.WaitForCompletion: Waiting with timeout -1.
TpTrace Information: 0 : 46360, 5, 2024/04/22, 16:20:50.888, 10008302426806, vstest.console.dll, Listening on Endpoint : 127.0.0.1:64431
TpTrace Verbose: 0 : 46360, 5, 2024/04/22, 16:20:50.895, 10008302501025, vstest.console.dll, DotnetDataCollectionLauncher: Adding  --runtimeconfig "C:\Program Files\dotnet\sdk\8.0.200\datacollector.runtimeconfig.json" in args
TpTrace Verbose: 0 : 46360, 5, 2024/04/22, 16:20:50.895, 10008302503360, vstest.console.dll, DotnetDataCollectionLauncher: Adding  --depsfile "C:\Program Files\dotnet\sdk\8.0.200\datacollector.deps.json" in args
TpTrace Verbose: 0 : 46360, 5, 2024/04/22, 16:20:50.896, 10008302506372, vstest.console.dll, DotnetDataCollectionLauncher: Full path of dotnet.exe is C:\Program Files\dotnet\dotnet.exe
TpTrace Information: 0 : 46360, 5, 2024/04/22, 16:20:50.906, 10008302612385, vstest.console.dll, ProxyDataCollectionManager.Initialize: Launched datacollector processId: 39760 port: 64431
TpTrace Information: 0 : 46360, 5, 2024/04/22, 16:20:50.907, 10008302615742, vstest.console.dll, ProxyDataCollectionManager.Initialize: waiting for connection with timeout: 90 seconds
TpTrace Verbose: 0 : 46360, 5, 2024/04/22, 16:20:50.907, 10008302617156, vstest.console.dll, DataCollectionRequestSender.WaitForRequestHandlerConnection : Waiting for connection with timeout: 90000
TpTrace Information: 0 : 46360, 7, 2024/04/22, 16:20:51.096, 10008304506742, vstest.console.dll, Using the buffer size of 16384 bytes
TpTrace Information: 0 : 46360, 7, 2024/04/22, 16:20:51.096, 10008304508517, vstest.console.dll, Accepted Client request and set the flag
TpTrace Verbose: 0 : 46360, 5, 2024/04/22, 16:20:51.096, 10008304507411, vstest.console.dll, SocketCommunicationManager.WaitForClientConnection took: 188 ms, with 90000 ms timeout, and finished with True.
TpTrace Verbose: 0 : 46360, 5, 2024/04/22, 16:20:51.096, 10008304511267, vstest.console.dll, ProxyDataCollectionManager.InvokeDataCollectionServiceAction: Starting.
TpTrace Information: 0 : 46360, 5, 2024/04/22, 16:20:51.096, 10008304512350, vstest.console.dll, ProxyDataCollectionManager.BeforeTestRunStart: Get environment variable and port for datacollector processId: 39760 port: 64431
TpTrace Verbose: 0 : 46360, 5, 2024/04/22, 16:20:51.096, 10008304513460, vstest.console.dll, DataCollectionRequestSender.SendBeforeTestRunStartAndGetResult: Send BeforeTestRunStart message with settingsXml <RunSettings><RunConfiguration><ResultsDirectory>C:\Users\katia\OneDrive\Рабочий стол\ExamPrepI\IdeaAPITesting\bin\Debug\net6.0\fine-code-coverage\coverage-tool-output</ResultsDirectory><TargetPlatform>X64</TargetPlatform><TargetFrameworkVersion>.NETCoreApp,Version=v6.0</TargetFrameworkVersion><DesignMode>False</DesignMode><CollectSourceInformation>False</CollectSourceInformation><TestAdaptersPaths>C:\Program Files\dotnet\sdk\8.0.200\Extensions</TestAdaptersPaths></RunConfiguration><LoggerRunSettings><Loggers><Logger friendlyName="blame" enabled="True" /><Logger friendlyName="Console" uri="logger://microsoft/TestPlatform/ConsoleLogger/v1" assemblyQualifiedName="Microsoft.VisualStudio.TestPlatform.CommandLine.Internal.ConsoleLogger, vstest.console, Version=15.0.0.0, Culture=neutral, PublicKeyToken=b03f5f7f11d50a3a" codeBase="C:\Program Files\dotnet\sdk\8.0.200\vstest.console.dll" enabled="True" /></Loggers></LoggerRunSettings><DataCollectionRunSettings><DataCollectors><DataCollector friendlyName="blame" enabled="True"><Configuration><ResultsDirectory>C:\Users\katia\OneDrive\Рабочий стол\ExamPrepI\IdeaAPITesting\bin\Debug\net6.0\fine-code-coverage\coverage-tool-output</ResultsDirectory></Configuration></DataCollector></DataCollectors></DataCollectionRunSettings></RunSettings> and sources System.Collections.Generic.List`1[System.String]: 
TpTrace Verbose: 0 : 46360, 5, 2024/04/22, 16:20:51.284, 10008306395367, vstest.console.dll, DataCollectionRequestSender.SendBeforeTestRunStartAndGetResult: Received message: (DataCollection.SendMessage) -> {"MessageType":"DataCollection.SendMessage","Payload":{"FriendlyName":null,"Uri":null,"TestCaseId":"00000000-0000-0000-0000-000000000000","Message":"Logging DataCollector Diagnostics in file: C:\\Users\\katia\\OneDrive\\Рабочий стол\\ExamPrepI\\IdeaAPITesting\\bin\\Debug\\net6.0\\fine-code-coverage\\coverage-tool-output\\diagnostics.datacollector.24-04-22_16-20-50_89515_5.log","Level":0}}
TpTrace Verbose: 0 : 46360, 5, 2024/04/22, 16:20:51.414, 10008307685788, vstest.console.dll, DataCollectionRequestSender.SendBeforeTestRunStartAndGetResult: Received message: (DataCollection.BeforeTestRunStartResult) -> {"MessageType":"DataCollection.BeforeTestRunStartResult","Payload":{"EnvironmentVariables":{},"DataCollectionEventsPort":64433}}
TpTrace Information: 0 : 46360, 5, 2024/04/22, 16:20:51.433, 10008307881994, vstest.console.dll, ProxyDataCollectionManager.BeforeTestRunStart: SendBeforeTestRunStartAndGetResult successful, env variable from datacollector:   and testhost port: 64433
TpTrace Information: 0 : 46360, 5, 2024/04/22, 16:20:51.433, 10008307884270, vstest.console.dll, ProxyDataCollectionManager.InvokeDataCollectionServiceAction: Completed.
TpTrace Verbose: 0 : 46360, 5, 2024/04/22, 16:20:51.434, 10008307889415, vstest.console.dll, ParallelProxyExecutionManager.StartTestRunOnConcurrentManager: Initializing test run. Started clients: 0
TpTrace Verbose: 0 : 46360, 5, 2024/04/22, 16:20:51.434, 10008307892210, vstest.console.dll, ProxyExecutionManager: Test host is always Lazy initialize.
TpTrace Verbose: 0 : 46360, 5, 2024/04/22, 16:20:51.434, 10008307895156, vstest.console.dll, TestRequestSender.InitializeCommunication: initialize communication. 
TpTrace Information: 0 : 46360, 5, 2024/04/22, 16:20:51.436, 10008307905950, vstest.console.dll, SocketServer.Start: Listening on endpoint : 127.0.0.1:64434
TpTrace Verbose: 0 : 46360, 5, 2024/04/22, 16:20:51.437, 10008307920124, vstest.console.dll, DotnetTestHostmanager.GetTestHostProcessStartInfo: Platform environment 'X64' target architecture 'X64' framework '.NETCoreApp,Version=v6.0' OS 'Windows'
TpTrace Verbose: 0 : 46360, 5, 2024/04/22, 16:20:51.438, 10008307929455, vstest.console.dll, DotnetTestHostmanager: Adding  --runtimeconfig "C:\Users\katia\OneDrive\Рабочий стол\ExamPrepI\IdeaAPITesting\bin\Debug\net6.0\fine-code-coverage\build-output\IdeaAPITesting.runtimeconfig.json" in args
TpTrace Verbose: 0 : 46360, 5, 2024/04/22, 16:20:51.438, 10008307933900, vstest.console.dll, DotnetTestHostmanager: Adding  --depsfile "C:\Users\katia\OneDrive\Рабочий стол\ExamPrepI\IdeaAPITesting\bin\Debug\net6.0\fine-code-coverage\build-output\IdeaAPITesting.deps.json" in args
TpTrace Verbose: 0 : 46360, 5, 2024/04/22, 16:20:51.439, 10008307942480, vstest.console.dll, DotnetTestHostmanager.IsWinOnArm: Current PROCESSOR_ARCHITECTURE from environment variable 'AMD64'
TpTrace Verbose: 0 : 46360, 5, 2024/04/22, 16:20:51.439, 10008307944390, vstest.console.dll, DotnetTestHostmanager.IsWinOnArm: Is Windows on ARM 'False'
TpTrace Verbose: 0 : 46360, 5, 2024/04/22, 16:20:51.440, 10008307946958, vstest.console.dll, DotnetTestHostManager: testhost.exe found at path: C:\Users\katia\OneDrive\Рабочий стол\ExamPrepI\IdeaAPITesting\bin\Debug\net6.0\fine-code-coverage\build-output\testhost.exe
TpTrace Verbose: 0 : 46360, 5, 2024/04/22, 16:20:51.440, 10008307947879, vstest.console.dll, DotnetTestHostmanager: Full path of host exe is C:\Users\katia\OneDrive\Рабочий стол\ExamPrepI\IdeaAPITesting\bin\Debug\net6.0\fine-code-coverage\build-output\testhost.exe
TpTrace Verbose: 0 : 46360, 5, 2024/04/22, 16:20:51.440, 10008307950255, vstest.console.dll, DotnetTestHostmanager.LaunchTestHostAsync: Found 'VSTEST_WINAPPHOST_DOTNET_ROOT' in env variables, value 'C:\Program Files\dotnet', forwarding to 'DOTNET_ROOT'
TpTrace Verbose: 0 : 46360, 5, 2024/04/22, 16:20:51.440, 10008307952505, vstest.console.dll, DotnetTestHostManager: Starting process 'C:\Users\katia\OneDrive\Рабочий стол\ExamPrepI\IdeaAPITesting\bin\Debug\net6.0\fine-code-coverage\build-output\testhost.exe' with command line ' --runtimeconfig "C:\Users\katia\OneDrive\Рабочий стол\ExamPrepI\IdeaAPITesting\bin\Debug\net6.0\fine-code-coverage\build-output\IdeaAPITesting.runtimeconfig.json" --depsfile "C:\Users\katia\OneDrive\Рабочий стол\ExamPrepI\IdeaAPITesting\bin\Debug\net6.0\fine-code-coverage\build-output\IdeaAPITesting.deps.json" --port 64434 --endpoint 127.0.0.1:064434 --role client --parentprocessid 46360 --diag "C:\Users\katia\OneDrive\Рабочий стол\ExamPrepI\IdeaAPITesting\bin\Debug\net6.0\fine-code-coverage\coverage-tool-output\diagnostics.host.24-04-22_16-20-51_43664_5.log" --tracelevel 4 --datacollectionport 64433 --telemetryoptedin false'
TpTrace Verbose: 0 : 46360, 5, 2024/04/22, 16:20:51.457, 10008308122225, vstest.console.dll, MulticastDelegateUtilities.SafeInvoke: HostProviderEvents.OnHostLaunched: Invoking callback 1/2 for Microsoft.VisualStudio.TestPlatform.CrossPlatEngine.Client.ProxyExecutionManagerWithDataCollection., took 1 ms.
TpTrace Verbose: 0 : 46360, 5, 2024/04/22, 16:20:51.458, 10008308128483, vstest.console.dll, Test Runtime launched
TpTrace Verbose: 0 : 46360, 5, 2024/04/22, 16:20:51.458, 10008308130626, vstest.console.dll, MulticastDelegateUtilities.SafeInvoke: HostProviderEvents.OnHostLaunched: Invoking callback 2/2 for Microsoft.VisualStudio.TestPlatform.CrossPlatEngine.Client.ProxyOperationManager., took 0 ms.
TpTrace Verbose: 0 : 46360, 5, 2024/04/22, 16:20:51.460, 10008308146393, vstest.console.dll, TestRequestSender.WaitForRequestHandlerConnection: waiting for connection with timeout: 90000.
TpTrace Verbose: 0 : 46360, 5, 2024/04/22, 16:20:51.692, 10008310474292, vstest.console.dll, TestRequestSender.WaitForRequestHandlerConnection: waiting took 232 ms, with timeout 90000 ms, and result 0, which is success.
TpTrace Verbose: 0 : 46360, 7, 2024/04/22, 16:20:51.692, 10008310474287, vstest.console.dll, MulticastDelegateUtilities.SafeInvoke: SocketServer: ClientConnected: Invoking callback 1/1 for Microsoft.VisualStudio.TestPlatform.CommunicationUtilities.TestRequestSender., took 0 ms.
TpTrace Verbose: 0 : 46360, 7, 2024/04/22, 16:20:51.693, 10008310478540, vstest.console.dll, SocketServer.OnClientConnected: Client connected for endPoint: 127.0.0.1:64434, starting MessageLoopAsync:
TpTrace Verbose: 0 : 46360, 7, 2024/04/22, 16:20:51.694, 10008310487339, vstest.console.dll, TcpClientExtensions.MessageLoopAsync: Polling on remoteEndPoint: 127.0.0.1:64435 localEndPoint: 127.0.0.1:64434 after 0 ms
TpTrace Verbose: 0 : 46360, 5, 2024/04/22, 16:20:51.694, 10008310493958, vstest.console.dll, TestRequestSender.CheckVersionWithTestHost: Sending check version message: {"MessageType":"ProtocolVersion","Payload":7}
TpTrace Verbose: 0 : 46360, 7, 2024/04/22, 16:20:51.866, 10008312212975, vstest.console.dll, TcpClientExtensions.MessageLoopAsync: NotifyDataAvailable remoteEndPoint: 127.0.0.1:64435 localEndPoint: 127.0.0.1:64434
TpTrace Verbose: 0 : 46360, 7, 2024/04/22, 16:20:51.867, 10008312217840, vstest.console.dll, TestRequestSender.CheckVersionWithTestHost: onMessageReceived received message: (ProtocolVersion) -> {"MessageType":"ProtocolVersion","Payload":7}
TpTrace Verbose: 0 : 46360, 7, 2024/04/22, 16:20:51.868, 10008312229950, vstest.console.dll, MulticastDelegateUtilities.SafeInvoke: LengthPrefixCommunicationChannel: MessageReceived: Invoking callback 1/1 for Microsoft.VisualStudio.TestPlatform.CommunicationUtilities.TestRequestSender+<>c__DisplayClass29_0., took 1 ms.
TpTrace Verbose: 0 : 46360, 5, 2024/04/22, 16:20:51.868, 10008312231563, vstest.console.dll, TestPluginCache.GetExtensionPaths: Filtered extension paths: 
TpTrace Verbose: 0 : 46360, 5, 2024/04/22, 16:20:51.868, 10008312233496, vstest.console.dll, TestPluginCache.GetExtensionPaths: Added default extension paths: C:\Program Files\dotnet\sdk\8.0.200\Extensions\Microsoft.Diagnostics.NETCore.Client.dll
C:\Program Files\dotnet\sdk\8.0.200\Extensions\Microsoft.TestPlatform.Extensions.BlameDataCollector.dll
C:\Program Files\dotnet\sdk\8.0.200\Extensions\Microsoft.TestPlatform.Extensions.EventLogCollector.dll
C:\Program Files\dotnet\sdk\8.0.200\Extensions\Microsoft.TestPlatform.TestHostRuntimeProvider.dll
C:\Program Files\dotnet\sdk\8.0.200\Extensions\Microsoft.VisualStudio.TestPlatform.Extensions.Html.TestLogger.dll
C:\Program Files\dotnet\sdk\8.0.200\Extensions\Microsoft.VisualStudio.TestPlatform.Extensions.Trx.TestLogger.dll
TpTrace Verbose: 0 : 46360, 5, 2024/04/22, 16:20:51.868, 10008312234780, vstest.console.dll, TestPluginCache.GetExtensionPaths: Added unfilterableExtensionPaths: 
TpTrace Verbose: 0 : 46360, 7, 2024/04/22, 16:20:51.868, 10008312232285, vstest.console.dll, TcpClientExtensions.MessageLoopAsync: Polling on remoteEndPoint: 127.0.0.1:64435 localEndPoint: 127.0.0.1:64434 after 174 ms
TpTrace Verbose: 0 : 46360, 5, 2024/04/22, 16:20:51.872, 10008312268329, vstest.console.dll, TestRequestSender.InitializeExecution: Sending initialize execution with message: {"Version":7,"MessageType":"TestExecution.Initialize","Payload":["C:\\Users\\katia\\OneDrive\\Рабочий стол\\ExamPrepI\\IdeaAPITesting\\bin\\Debug\\net6.0\\fine-code-coverage\\build-output\\NUnit3.TestAdapter.dll"]}
TpTrace Verbose: 0 : 46360, 5, 2024/04/22, 16:20:51.872, 10008312272227, vstest.console.dll, ParallelProxyExecutionManager.StartTestRunOnConcurrentManager: Execution starting. Started clients: 1
TpTrace Verbose: 0 : 46360, 7, 2024/04/22, 16:20:51.873, 10008312276156, vstest.console.dll, TcpClientExtensions.MessageLoopAsync: NotifyDataAvailable remoteEndPoint: 127.0.0.1:64435 localEndPoint: 127.0.0.1:64434
TpTrace Verbose: 0 : 46360, 5, 2024/04/22, 16:20:51.873, 10008312285636, vstest.console.dll, TestRunRequest:SendTestRunMessage: Starting.
TpTrace Verbose: 0 : 46360, 5, 2024/04/22, 16:20:51.874, 10008312288970, vstest.console.dll, MulticastDelegateUtilities.SafeInvoke: TestRun.LogMessages: Invoking callback 1/1 for Microsoft.VisualStudio.TestPlatform.CommandLine.TestRunResultAggregator., took 0 ms.
TpTrace Information: 0 : 46360, 5, 2024/04/22, 16:20:51.874, 10008312289808, vstest.console.dll, TestRunRequest:SendTestRunMessage: Completed.
TpTrace Verbose: 0 : 46360, 4, 2024/04/22, 16:20:51.874, 10008312292371, vstest.console.dll, MulticastDelegateUtilities.SafeInvoke: InternalTestLoggerEvents.SendTestRunMessage: Invoking callback 1/1 for Microsoft.VisualStudio.TestPlatform.CommandLine.Internal.ConsoleLogger., took 0 ms.
TpTrace Warning: 0 : 46360, 5, 2024/04/22, 16:20:51.875, 10008312298197, vstest.console.dll, InferRunSettingsHelper.MakeRunsettingsCompatible: Removing the following settings: TargetPlatform from RunSettings file. To use those settings please move to latest version of Microsoft.NET.Test.Sdk
TpTrace Verbose: 0 : 46360, 7, 2024/04/22, 16:20:51.876, 10008312307551, vstest.console.dll, TestRequestSender.OnExecutionMessageReceived: Received message: {"Version":7,"MessageType":"TestSession.Message","Payload":{"MessageLevel":0,"Message":"Logging TestHost Diagnostics in file: C:\\Users\\katia\\OneDrive\\Рабочий стол\\ExamPrepI\\IdeaAPITesting\\bin\\Debug\\net6.0\\fine-code-coverage\\coverage-tool-output\\diagnostics.host.24-04-22_16-20-51_43664_5.log"}}
TpTrace Verbose: 0 : 46360, 7, 2024/04/22, 16:20:51.879, 10008312344023, vstest.console.dll, TestRunRequest:SendTestRunMessage: Starting.
TpTrace Verbose: 0 : 46360, 7, 2024/04/22, 16:20:51.880, 10008312346489, vstest.console.dll, MulticastDelegateUtilities.SafeInvoke: TestRun.LogMessages: Invoking callback 1/1 for Microsoft.VisualStudio.TestPlatform.CommandLine.TestRunResultAggregator., took 0 ms.
TpTrace Verbose: 0 : 46360, 4, 2024/04/22, 16:20:51.880, 10008312347042, vstest.console.dll, MulticastDelegateUtilities.SafeInvoke: InternalTestLoggerEvents.SendTestRunMessage: Invoking callback 1/1 for Microsoft.VisualStudio.TestPlatform.CommandLine.Internal.ConsoleLogger., took 0 ms.
TpTrace Information: 0 : 46360, 7, 2024/04/22, 16:20:51.880, 10008312347476, vstest.console.dll, TestRunRequest:SendTestRunMessage: Completed.
TpTrace Verbose: 0 : 46360, 7, 2024/04/22, 16:20:51.880, 10008312351169, vstest.console.dll, MulticastDelegateUtilities.SafeInvoke: LengthPrefixCommunicationChannel: MessageReceived: Invoking callback 1/1 for Microsoft.VisualStudio.TestPlatform.CommunicationUtilities.TestRequestSender+<>c__DisplayClass34_0., took 4 ms.
TpTrace Verbose: 0 : 46360, 7, 2024/04/22, 16:20:51.880, 10008312352248, vstest.console.dll, TcpClientExtensions.MessageLoopAsync: Polling on remoteEndPoint: 127.0.0.1:64435 localEndPoint: 127.0.0.1:64434 after 11 ms
TpTrace Verbose: 0 : 46360, 5, 2024/04/22, 16:20:51.902, 10008312566039, vstest.console.dll, TestRequestSender.StartTestRun: Sending test run with message: {"Version":7,"MessageType":"TestExecution.StartWithSources","Payload":{"AdapterSourceMap":{"_none_":["C:\\Users\\katia\\OneDrive\\Рабочий стол\\ExamPrepI\\IdeaAPITesting\\bin\\Debug\\net6.0\\fine-code-coverage\\build-output\\IdeaAPITesting.dll"]},"RunSettings":"<RunSettings>\r\n  <RunConfiguration>\r\n    <ResultsDirectory>C:\\Users\\katia\\OneDrive\\Рабочий стол\\ExamPrepI\\IdeaAPITesting\\bin\\Debug\\net6.0\\fine-code-coverage\\coverage-tool-output</ResultsDirectory>\r\n    <TargetFrameworkVersion>.NETCoreApp,Version=v6.0</TargetFrameworkVersion>\r\n    <DesignMode>False</DesignMode>\r\n    <CollectSourceInformation>False</CollectSourceInformation>\r\n  </RunConfiguration>\r\n  <LoggerRunSettings>\r\n    <Loggers>\r\n      <Logger friendlyName=\"blame\" enabled=\"True\" />\r\n      <Logger friendlyName=\"Console\" uri=\"logger://microsoft/TestPlatform/ConsoleLogger/v1\" assemblyQualifiedName=\"Microsoft.VisualStudio.TestPlatform.CommandLine.Internal.ConsoleLogger, vstest.console, Version=15.0.0.0, Culture=neutral, PublicKeyToken=b03f5f7f11d50a3a\" codeBase=\"C:\\Program Files\\dotnet\\sdk\\8.0.200\\vstest.console.dll\" enabled=\"True\" />\r\n    </Loggers>\r\n  </LoggerRunSettings>\r\n  <DataCollectionRunSettings>\r\n    <DataCollectors>\r\n      <DataCollector friendlyName=\"blame\" enabled=\"True\">\r\n        <Configuration>\r\n          <ResultsDirectory>C:\\Users\\katia\\OneDrive\\Рабочий стол\\ExamPrepI\\IdeaAPITesting\\bin\\Debug\\net6.0\\fine-code-coverage\\coverage-tool-output</ResultsDirectory>\r\n        </Configuration>\r\n      </DataCollector>\r\n    </DataCollectors>\r\n  </DataCollectionRunSettings>\r\n</RunSettings>","TestExecutionContext":{"FrequencyOfRunStatsChangeEvent":10,"RunStatsChangeEventTimeout":"00:00:01.5000000","InIsolation":false,"KeepAlive":false,"AreTestCaseLevelEventsRequired":false,"IsDebug":false,"TestCaseFilter":null,"FilterOptions":null},"Package":null}}
TpTrace Verbose: 0 : 46360, 5, 2024/04/22, 16:20:51.902, 10008312570093, vstest.console.dll, ParallelProxyExecutionManager.StartTestRunOnConcurrentManager: Execution started. Started clients: 1
TpTrace Verbose: 0 : 46360, 7, 2024/04/22, 16:20:52.098, 10008314528452, vstest.console.dll, TcpClientExtensions.MessageLoopAsync: NotifyDataAvailable remoteEndPoint: 127.0.0.1:64435 localEndPoint: 127.0.0.1:64434
TpTrace Verbose: 0 : 46360, 7, 2024/04/22, 16:20:52.098, 10008314531919, vstest.console.dll, TestRequestSender.OnExecutionMessageReceived: Received message: {"Version":7,"MessageType":"TestSession.Message","Payload":{"MessageLevel":0,"Message":"NUnit Adapter 4.4.0.0: Test execution started"}}
TpTrace Verbose: 0 : 46360, 7, 2024/04/22, 16:20:52.099, 10008314536430, vstest.console.dll, TestRunRequest:SendTestRunMessage: Starting.
TpTrace Verbose: 0 : 46360, 7, 2024/04/22, 16:20:52.099, 10008314541064, vstest.console.dll, MulticastDelegateUtilities.SafeInvoke: TestRun.LogMessages: Invoking callback 1/1 for Microsoft.VisualStudio.TestPlatform.CommandLine.TestRunResultAggregator., took 0 ms.
TpTrace Verbose: 0 : 46360, 4, 2024/04/22, 16:20:52.099, 10008314541346, vstest.console.dll, MulticastDelegateUtilities.SafeInvoke: InternalTestLoggerEvents.SendTestRunMessage: Invoking callback 1/1 for Microsoft.VisualStudio.TestPlatform.CommandLine.Internal.ConsoleLogger., took 0 ms.
TpTrace Information: 0 : 46360, 7, 2024/04/22, 16:20:52.099, 10008314543246, vstest.console.dll, TestRunRequest:SendTestRunMessage: Completed.
TpTrace Verbose: 0 : 46360, 7, 2024/04/22, 16:20:52.100, 10008314546309, vstest.console.dll, MulticastDelegateUtilities.SafeInvoke: LengthPrefixCommunicationChannel: MessageReceived: Invoking callback 1/1 for Microsoft.VisualStudio.TestPlatform.CommunicationUtilities.TestRequestSender+<>c__DisplayClass34_0., took 1 ms.
TpTrace Verbose: 0 : 46360, 7, 2024/04/22, 16:20:52.100, 10008314547415, vstest.console.dll, TcpClientExtensions.MessageLoopAsync: Polling on remoteEndPoint: 127.0.0.1:64435 localEndPoint: 127.0.0.1:64434 after 219 ms
TpTrace Verbose: 0 : 46360, 7, 2024/04/22, 16:20:52.149, 10008315036278, vstest.console.dll, TcpClientExtensions.MessageLoopAsync: NotifyDataAvailable remoteEndPoint: 127.0.0.1:64435 localEndPoint: 127.0.0.1:64434
TpTrace Verbose: 0 : 46360, 7, 2024/04/22, 16:20:52.149, 10008315039734, vstest.console.dll, TestRequestSender.OnExecutionMessageReceived: Received message: {"Version":7,"MessageType":"TestSession.Message","Payload":{"MessageLevel":0,"Message":"Running all tests in C:\\Users\\katia\\OneDrive\\Рабочий стол\\ExamPrepI\\IdeaAPITesting\\bin\\Debug\\net6.0\\fine-code-coverage\\build-output\\IdeaAPITesting.dll"}}
TpTrace Verbose: 0 : 46360, 7, 2024/04/22, 16:20:52.149, 10008315041570, vstest.console.dll, TestRunRequest:SendTestRunMessage: Starting.
TpTrace Verbose: 0 : 46360, 7, 2024/04/22, 16:20:52.149, 10008315042494, vstest.console.dll, MulticastDelegateUtilities.SafeInvoke: TestRun.LogMessages: Invoking callback 1/1 for Microsoft.VisualStudio.TestPlatform.CommandLine.TestRunResultAggregator., took 0 ms.
TpTrace Verbose: 0 : 46360, 4, 2024/04/22, 16:20:52.149, 10008315042861, vstest.console.dll, MulticastDelegateUtilities.SafeInvoke: InternalTestLoggerEvents.SendTestRunMessage: Invoking callback 1/1 for Microsoft.VisualStudio.TestPlatform.CommandLine.Internal.ConsoleLogger., took 0 ms.
TpTrace Information: 0 : 46360, 7, 2024/04/22, 16:20:52.149, 10008315043361, vstest.console.dll, TestRunRequest:SendTestRunMessage: Completed.
TpTrace Verbose: 0 : 46360, 7, 2024/04/22, 16:20:52.149, 10008315045515, vstest.console.dll, MulticastDelegateUtilities.SafeInvoke: LengthPrefixCommunicationChannel: MessageReceived: Invoking callback 1/1 for Microsoft.VisualStudio.TestPlatform.CommunicationUtilities.TestRequestSender+<>c__DisplayClass34_0., took 0 ms.
TpTrace Verbose: 0 : 46360, 7, 2024/04/22, 16:20:52.150, 10008315046146, vstest.console.dll, TcpClientExtensions.MessageLoopAsync: Polling on remoteEndPoint: 127.0.0.1:64435 localEndPoint: 127.0.0.1:64434 after 49 ms
TpTrace Verbose: 0 : 46360, 7, 2024/04/22, 16:20:52.850, 10008322050156, vstest.console.dll, TcpClientExtensions.MessageLoopAsync: NotifyDataAvailable remoteEndPoint: 127.0.0.1:64435 localEndPoint: 127.0.0.1:64434
TpTrace Verbose: 0 : 46360, 7, 2024/04/22, 16:20:52.850, 10008322053541, vstest.console.dll, TestRequestSender.OnExecutionMessageReceived: Received message: {"Version":7,"MessageType":"TestSession.Message","Payload":{"MessageLevel":0,"Message":"   NUnit3TestExecutor discovered 7 of 7 NUnit test cases using Current Discovery mode, Non-Explicit run"}}
TpTrace Verbose: 0 : 46360, 7, 2024/04/22, 16:20:52.850, 10008322055605, vstest.console.dll, TestRunRequest:SendTestRunMessage: Starting.
TpTrace Verbose: 0 : 46360, 7, 2024/04/22, 16:20:52.851, 10008322056637, vstest.console.dll, MulticastDelegateUtilities.SafeInvoke: TestRun.LogMessages: Invoking callback 1/1 for Microsoft.VisualStudio.TestPlatform.CommandLine.TestRunResultAggregator., took 0 ms.
TpTrace Information: 0 : 46360, 7, 2024/04/22, 16:20:52.851, 10008322057180, vstest.console.dll, TestRunRequest:SendTestRunMessage: Completed.
TpTrace Verbose: 0 : 46360, 4, 2024/04/22, 16:20:52.851, 10008322057344, vstest.console.dll, MulticastDelegateUtilities.SafeInvoke: InternalTestLoggerEvents.SendTestRunMessage: Invoking callback 1/1 for Microsoft.VisualStudio.TestPlatform.CommandLine.Internal.ConsoleLogger., took 0 ms.
TpTrace Verbose: 0 : 46360, 7, 2024/04/22, 16:20:52.851, 10008322057800, vstest.console.dll, MulticastDelegateUtilities.SafeInvoke: LengthPrefixCommunicationChannel: MessageReceived: Invoking callback 1/1 for Microsoft.VisualStudio.TestPlatform.CommunicationUtilities.TestRequestSender+<>c__DisplayClass34_0., took 0 ms.
TpTrace Verbose: 0 : 46360, 7, 2024/04/22, 16:20:52.851, 10008322060082, vstest.console.dll, TcpClientExtensions.MessageLoopAsync: Polling on remoteEndPoint: 127.0.0.1:64435 localEndPoint: 127.0.0.1:64434 after 701 ms
TpTrace Verbose: 0 : 46360, 7, 2024/04/22, 16:20:53.860, 10008332151720, vstest.console.dll, TcpClientExtensions.MessageLoopAsync: Polling on remoteEndPoint: 127.0.0.1:64435 localEndPoint: 127.0.0.1:64434 after 1009 ms
TpTrace Verbose: 0 : 46360, 7, 2024/04/22, 16:20:54.310, 10008336646241, vstest.console.dll, TcpClientExtensions.MessageLoopAsync: NotifyDataAvailable remoteEndPoint: 127.0.0.1:64435 localEndPoint: 127.0.0.1:64434
TpTrace Verbose: 0 : 46360, 7, 2024/04/22, 16:20:54.310, 10008336650683, vstest.console.dll, TestRequestSender.OnExecutionMessageReceived: Received message: {"Version":7,"MessageType":"TestExecution.StatsChange","Payload":{"NewTestResults":[],"TestRunStatistics":{"ExecutedTests":0,"Stats":{}},"ActiveTests":[{"Id":"a5c3437c-9dd7-3246-5931-abca2c24134d","FullyQualifiedName":"IdeaAPITesting.IdeaAPITests.CreateNewIdea_WithCorrectData_ShouldSucceed","DisplayName":"CreateNewIdea_WithCorrectData_ShouldSucceed","ExecutorUri":"executor://NUnit3TestExecutor","Source":"C:\\Users\\katia\\OneDrive\\Рабочий стол\\ExamPrepI\\IdeaAPITesting\\bin\\Debug\\net6.0\\fine-code-coverage\\build-output\\IdeaAPITesting.dll","CodeFilePath":null,"LineNumber":0,"Properties":[{"Key":{"Id":"NUnit.Seed","Label":"Seed","Category":"","Description":"","Attributes":0,"ValueType":"System.String"},"Value":"643449231"}]}]}}
TpTrace Verbose: 0 : 46360, 7, 2024/04/22, 16:20:54.349, 10008337039277, vstest.console.dll, TestRunRequest:SendTestRunStatsChange: Starting.
TpTrace Verbose: 0 : 46360, 7, 2024/04/22, 16:20:54.349, 10008337041344, vstest.console.dll, InProgress is CreateNewIdea_WithCorrectData_ShouldSucceed
TpTrace Verbose: 0 : 46360, 7, 2024/04/22, 16:20:54.349, 10008337042403, vstest.console.dll, MulticastDelegateUtilities.SafeInvoke: TestRun.RunStatsChanged: Invoking callbacks was skipped because there are no subscribers.
TpTrace Information: 0 : 46360, 7, 2024/04/22, 16:20:54.349, 10008337042902, vstest.console.dll, TestRunRequest:SendTestRunStatsChange: Completed.
TpTrace Verbose: 0 : 46360, 7, 2024/04/22, 16:20:54.349, 10008337043507, vstest.console.dll, MulticastDelegateUtilities.SafeInvoke: LengthPrefixCommunicationChannel: MessageReceived: Invoking callback 1/1 for Microsoft.VisualStudio.TestPlatform.CommunicationUtilities.TestRequestSender+<>c__DisplayClass34_0., took 39 ms.
TpTrace Verbose: 0 : 46360, 7, 2024/04/22, 16:20:54.349, 10008337043958, vstest.console.dll, TcpClientExtensions.MessageLoopAsync: Polling on remoteEndPoint: 127.0.0.1:64435 localEndPoint: 127.0.0.1:64434 after 488 ms
TpTrace Verbose: 0 : 46360, 7, 2024/04/22, 16:20:55.360, 10008347148836, vstest.console.dll, TcpClientExtensions.MessageLoopAsync: Polling on remoteEndPoint: 127.0.0.1:64435 localEndPoint: 127.0.0.1:64434 after 1010 ms
TpTrace Verbose: 0 : 46360, 7, 2024/04/22, 16:20:55.837, 10008351923628, vstest.console.dll, TcpClientExtensions.MessageLoopAsync: NotifyDataAvailable remoteEndPoint: 127.0.0.1:64435 localEndPoint: 127.0.0.1:64434
TpTrace Verbose: 0 : 46360, 7, 2024/04/22, 16:20:55.838, 10008351931396, vstest.console.dll, TestRequestSender.OnExecutionMessageReceived: Received message: {"Version":7,"MessageType":"TestExecution.StatsChange","Payload":{"NewTestResults":[{"TestCase":{"Id":"a5c3437c-9dd7-3246-5931-abca2c24134d","FullyQualifiedName":"IdeaAPITesting.IdeaAPITests.CreateNewIdea_WithCorrectData_ShouldSucceed","DisplayName":"CreateNewIdea_WithCorrectData_ShouldSucceed","ExecutorUri":"executor://NUnit3TestExecutor","Source":"C:\\Users\\katia\\OneDrive\\Рабочий стол\\ExamPrepI\\IdeaAPITesting\\bin\\Debug\\net6.0\\fine-code-coverage\\build-output\\IdeaAPITesting.dll","CodeFilePath":null,"LineNumber":0,"Properties":[{"Key":{"Id":"NUnit.Seed","Label":"Seed","Category":"","Description":"","Attributes":0,"ValueType":"System.String"},"Value":"643449231"}]},"Attachments":[],"Outcome":1,"ErrorMessage":null,"ErrorStackTrace":null,"DisplayName":"CreateNewIdea_WithCorrectData_ShouldSucceed","Messages":[],"ComputerName":"04011987","Duration":"00:00:01.1485300","StartTime":"2024-04-22T13:20:54.2471033+00:00","EndTime":"2024-04-22T13:20:55.3955742+00:00","Properties":[{"Key":{"Id":"NUnit.Seed","Label":"Seed","Category":"","Description":"","Attributes":0,"ValueType":"System.String"},"Value":"643449231"}]},{"TestCase":{"Id":"d081a274-3df8-3be5-42ad-a5acd39d6d8e","FullyQualifiedName":"IdeaAPITesting.IdeaAPITests.GetAllIdeas_SchpuldReturnNotEmptyArray","DisplayName":"GetAllIdeas_SchpuldReturnNotEmptyArray","ExecutorUri":"executor://NUnit3TestExecutor","Source":"C:\\Users\\katia\\OneDrive\\Рабочий стол\\ExamPrepI\\IdeaAPITesting\\bin\\Debug\\net6.0\\fine-code-coverage\\build-output\\IdeaAPITesting.dll","CodeFilePath":null,"LineNumber":0,"Properties":[{"Key":{"Id":"NUnit.Seed","Label":"Seed","Category":"","Description":"","Attributes":0,"ValueType":"System.String"},"Value":"1136546663"}]},"Attachments":[],"Outcome":1,"ErrorMessage":null,"ErrorStackTrace":null,"DisplayName":"GetAllIdeas_SchpuldReturnNotEmptyArray","Messages":[],"ComputerName":"04011987","Duration":"00:00:00.3302820","StartTime":"2024-04-22T13:20:55.3971643+00:00","EndTime":"2024-04-22T13:20:55.7274453+00:00","Properties":[{"Key":{"Id":"NUnit.Seed","Label":"Seed","Category":"","Description":"","Attributes":0,"ValueType":"System.String"},"Value":"1136546663"}]}],"TestRunStatistics":{"ExecutedTests":2,"Stats":{"Passed":2}},"ActiveTests":[{"Id":"66ee7859-941a-a68b-516d-40d62e58a71a","FullyQualifiedName":"IdeaAPITesting.IdeaAPITests.EditNewIdea_WithCorrectData_ShouldSucceed","DisplayName":"EditNewIdea_WithCorrectData_ShouldSucceed","ExecutorUri":"executor://NUnit3TestExecutor","Source":"C:\\Users\\katia\\OneDrive\\Рабочий стол\\ExamPrepI\\IdeaAPITesting\\bin\\Debug\\net6.0\\fine-code-coverage\\build-output\\IdeaAPITesting.dll","CodeFilePath":null,"LineNumber":0,"Properties":[{"Key":{"Id":"NUnit.Seed","Label":"Seed","Category":"","Description":"","Attributes":0,"ValueType":"System.String"},"Value":"1387989279"}]}]}}
TpTrace Verbose: 0 : 46360, 7, 2024/04/22, 16:20:55.851, 10008352065483, vstest.console.dll, TestRunRequest:SendTestRunStatsChange: Starting.
TpTrace Verbose: 0 : 46360, 7, 2024/04/22, 16:20:55.852, 10008352067390, vstest.console.dll, InProgress is EditNewIdea_WithCorrectData_ShouldSucceed
TpTrace Verbose: 0 : 46360, 7, 2024/04/22, 16:20:55.852, 10008352070183, vstest.console.dll, MulticastDelegateUtilities.SafeInvoke: TestRun.RunStatsChanged: Invoking callbacks was skipped because there are no subscribers.
TpTrace Information: 0 : 46360, 7, 2024/04/22, 16:20:55.852, 10008352070978, vstest.console.dll, TestRunRequest:SendTestRunStatsChange: Completed.
TpTrace Verbose: 0 : 46360, 7, 2024/04/22, 16:20:55.852, 10008352071610, vstest.console.dll, MulticastDelegateUtilities.SafeInvoke: LengthPrefixCommunicationChannel: MessageReceived: Invoking callback 1/1 for Microsoft.VisualStudio.TestPlatform.CommunicationUtilities.TestRequestSender+<>c__DisplayClass34_0., took 14 ms.
TpTrace Verbose: 0 : 46360, 7, 2024/04/22, 16:20:55.852, 10008352072296, vstest.console.dll, TcpClientExtensions.MessageLoopAsync: Polling on remoteEndPoint: 127.0.0.1:64435 localEndPoint: 127.0.0.1:64434 after 492 ms
TpTrace Verbose: 0 : 46360, 4, 2024/04/22, 16:20:55.855, 10008352100277, vstest.console.dll, MulticastDelegateUtilities.SafeInvoke: InternalTestLoggerEvents.SendTestResult: Invoking callback 1/1 for Microsoft.VisualStudio.TestPlatform.CommandLine.Internal.ConsoleLogger., took 2 ms.
TpTrace Verbose: 0 : 46360, 4, 2024/04/22, 16:20:55.856, 10008352106913, vstest.console.dll, MulticastDelegateUtilities.SafeInvoke: InternalTestLoggerEvents.SendTestResult: Invoking callback 1/1 for Microsoft.VisualStudio.TestPlatform.CommandLine.Internal.ConsoleLogger., took 0 ms.
TpTrace Verbose: 0 : 46360, 7, 2024/04/22, 16:20:56.855, 10008362102494, vstest.console.dll, TcpClientExtensions.MessageLoopAsync: Polling on remoteEndPoint: 127.0.0.1:64435 localEndPoint: 127.0.0.1:64434 after 1002 ms
TpTrace Verbose: 0 : 46360, 7, 2024/04/22, 16:20:57.160, 10008365147916, vstest.console.dll, TcpClientExtensions.MessageLoopAsync: NotifyDataAvailable remoteEndPoint: 127.0.0.1:64435 localEndPoint: 127.0.0.1:64434
TpTrace Verbose: 0 : 46360, 7, 2024/04/22, 16:20:57.160, 10008365150760, vstest.console.dll, TestRequestSender.OnExecutionMessageReceived: Received message: {"Version":7,"MessageType":"TestSession.Message","Payload":{"MessageLevel":0,"Message":"NUnit Adapter 4.4.0.0: Test execution complete"}}
TpTrace Verbose: 0 : 46360, 7, 2024/04/22, 16:20:57.160, 10008365153070, vstest.console.dll, TestRunRequest:SendTestRunMessage: Starting.
TpTrace Verbose: 0 : 46360, 7, 2024/04/22, 16:20:57.160, 10008365154927, vstest.console.dll, MulticastDelegateUtilities.SafeInvoke: TestRun.LogMessages: Invoking callback 1/1 for Microsoft.VisualStudio.TestPlatform.CommandLine.TestRunResultAggregator., took 0 ms.
TpTrace Information: 0 : 46360, 7, 2024/04/22, 16:20:57.161, 10008365155825, vstest.console.dll, TestRunRequest:SendTestRunMessage: Completed.
TpTrace Verbose: 0 : 46360, 7, 2024/04/22, 16:20:57.161, 10008365156751, vstest.console.dll, MulticastDelegateUtilities.SafeInvoke: LengthPrefixCommunicationChannel: MessageReceived: Invoking callback 1/1 for Microsoft.VisualStudio.TestPlatform.CommunicationUtilities.TestRequestSender+<>c__DisplayClass34_0., took 0 ms.
TpTrace Verbose: 0 : 46360, 7, 2024/04/22, 16:20:57.161, 10008365157494, vstest.console.dll, TcpClientExtensions.MessageLoopAsync: Polling on remoteEndPoint: 127.0.0.1:64435 localEndPoint: 127.0.0.1:64434 after 305 ms
TpTrace Verbose: 0 : 46360, 4, 2024/04/22, 16:20:57.161, 10008365159463, vstest.console.dll, MulticastDelegateUtilities.SafeInvoke: InternalTestLoggerEvents.SendTestRunMessage: Invoking callback 1/1 for Microsoft.VisualStudio.TestPlatform.CommandLine.Internal.ConsoleLogger., took 0 ms.
TpTrace Verbose: 0 : 46360, 7, 2024/04/22, 16:20:57.186, 10008365409818, vstest.console.dll, TcpClientExtensions.MessageLoopAsync: NotifyDataAvailable remoteEndPoint: 127.0.0.1:64435 localEndPoint: 127.0.0.1:64434
TpTrace Verbose: 0 : 46360, 7, 2024/04/22, 16:20:57.186, 10008365413309, vstest.console.dll, TestRequestSender.OnExecutionMessageReceived: Received message: {"Version":7,"MessageType":"TestExecution.Completed","Payload":{"TestRunCompleteArgs":{"TestRunStatistics":{"ExecutedTests":7,"Stats":{"Passed":7}},"IsCanceled":false,"IsAborted":false,"Error":null,"AttachmentSets":[],"InvokedDataCollectors":[],"ElapsedTimeInRunningTests":"00:00:05.1129134","Metrics":{},"DiscoveredExtensions":{"TestDiscoverers":["NUnit.VisualStudio.TestAdapter.NUnit3TestDiscoverer, NUnit3.TestAdapter, Version=4.4.0.0, Culture=neutral, PublicKeyToken=4cb40d35494691ac"],"TestExecutors":["executor://NUnit3TestExecutor"],"TestExecutors2":[],"TestSettingsProviders":[]}},"LastRunTests":{"NewTestResults":[{"TestCase":{"Id":"66ee7859-941a-a68b-516d-40d62e58a71a","FullyQualifiedName":"IdeaAPITesting.IdeaAPITests.EditNewIdea_WithCorrectData_ShouldSucceed","DisplayName":"EditNewIdea_WithCorrectData_ShouldSucceed","ExecutorUri":"executor://NUnit3TestExecutor","Source":"C:\\Users\\katia\\OneDrive\\Рабочий стол\\ExamPrepI\\IdeaAPITesting\\bin\\Debug\\net6.0\\fine-code-coverage\\build-output\\IdeaAPITesting.dll","CodeFilePath":null,"LineNumber":0,"Properties":[{"Key":{"Id":"NUnit.Seed","Label":"Seed","Category":"","Description":"","Attributes":0,"ValueType":"System.String"},"Value":"1387989279"}]},"Attachments":[],"Outcome":1,"ErrorMessage":null,"ErrorStackTrace":null,"DisplayName":"EditNewIdea_WithCorrectData_ShouldSucceed","Messages":[],"ComputerName":"04011987","Duration":"00:00:00.3207080","StartTime":"2024-04-22T13:20:55.7275454+00:00","EndTime":"2024-04-22T13:20:56.048254+00:00","Properties":[{"Key":{"Id":"NUnit.Seed","Label":"Seed","Category":"","Description":"","Attributes":0,"ValueType":"System.String"},"Value":"1387989279"}]},{"TestCase":{"Id":"b0aacc6a-ff13-0e4b-9e0c-c036aea7997e","FullyQualifiedName":"IdeaAPITesting.IdeaAPITests.DeleteIdea_WithCorrectData_ShouldSucceed","DisplayName":"DeleteIdea_WithCorrectData_ShouldSucceed","ExecutorUri":"executor://NUnit3TestExecutor","Source":"C:\\Users\\katia\\OneDrive\\Рабочий стол\\ExamPrepI\\IdeaAPITesting\\bin\\Debug\\net6.0\\fine-code-coverage\\build-output\\IdeaAPITesting.dll","CodeFilePath":null,"LineNumber":0,"Properties":[{"Key":{"Id":"NUnit.Seed","Label":"Seed","Category":"","Description":"","Attributes":0,"ValueType":"System.String"},"Value":"1337853670"}]},"Attachments":[],"Outcome":1,"ErrorMessage":null,"ErrorStackTrace":null,"DisplayName":"DeleteIdea_WithCorrectData_ShouldSucceed","Messages":[],"ComputerName":"04011987","Duration":"00:00:00.0849660","StartTime":"2024-04-22T13:20:56.0482887+00:00","EndTime":"2024-04-22T13:20:56.133254+00:00","Properties":[{"Key":{"Id":"NUnit.Seed","Label":"Seed","Category":"","Description":"","Attributes":0,"ValueType":"System.String"},"Value":"1337853670"}]},{"TestCase":{"Id":"4d9f6646-9606-bbea-9712-baedc2fbd841","FullyQualifiedName":"IdeaAPITesting.IdeaAPITests.CreateNewIdea_WithWrongData_ShouldFail","DisplayName":"CreateNewIdea_WithWrongData_ShouldFail","ExecutorUri":"executor://NUnit3TestExecutor","Source":"C:\\Users\\katia\\OneDrive\\Рабочий стол\\ExamPrepI\\IdeaAPITesting\\bin\\Debug\\net6.0\\fine-code-coverage\\build-output\\IdeaAPITesting.dll","CodeFilePath":null,"LineNumber":0,"Properties":[{"Key":{"Id":"NUnit.Seed","Label":"Seed","Category":"","Description":"","Attributes":0,"ValueType":"System.String"},"Value":"758158108"}]},"Attachments":[],"Outcome":1,"ErrorMessage":null,"ErrorStackTrace":null,"DisplayName":"CreateNewIdea_WithWrongData_ShouldFail","Messages":[],"ComputerName":"04011987","Duration":"00:00:00.3011630","StartTime":"2024-04-22T13:20:56.1333998+00:00","EndTime":"2024-04-22T13:20:56.4345623+00:00","Properties":[{"Key":{"Id":"NUnit.Seed","Label":"Seed","Category":"","Description":"","Attributes":0,"ValueType":"System.String"},"Value":"758158108"}]},{"TestCase":{"Id":"8253a003-640f-13d1-c863-e8bbd7f4ec2d","FullyQualifiedName":"IdeaAPITesting.IdeaAPITests.EditNewIdea_WithWrongID_ShouldFail","DisplayName":"EditNewIdea_WithWrongID_ShouldFail","ExecutorUri":"executor://NUnit3TestExecutor","Source":"C:\\Users\\katia\\OneDrive\\Рабочий стол\\ExamPrepI\\IdeaAPITesting\\bin\\Debug\\net6.0\\fine-code-coverage\\build-output\\IdeaAPITesting.dll","CodeFilePath":null,"LineNumber":0,"Properties":[{"Key":{"Id":"NUnit.Seed","Label":"Seed","Category":"","Description":"","Attributes":0,"ValueType":"System.String"},"Value":"1822773513"}]},"Attachments":[],"Outcome":1,"ErrorMessage":null,"ErrorStackTrace":null,"DisplayName":"EditNewIdea_WithWrongID_ShouldFail","Messages":[],"ComputerName":"04011987","Duration":"00:00:00.3498360","StartTime":"2024-04-22T13:20:56.4346151+00:00","EndTime":"2024-04-22T13:20:56.7844505+00:00","Properties":[{"Key":{"Id":"NUnit.Seed","Label":"Seed","Category":"","Description":"","Attributes":0,"ValueType":"System.String"},"Value":"1822773513"}]},{"TestCase":{"Id":"54e2be44-ff66-0b45-1b6e-f08d8ac6cacf","FullyQualifiedName":"IdeaAPITesting.IdeaAPITests.DeleteIdea_WithWrongId_ShouldFail","DisplayName":"DeleteIdea_WithWrongId_ShouldFail","ExecutorUri":"executor://NUnit3TestExecutor","Source":"C:\\Users\\katia\\OneDrive\\Рабочий стол\\ExamPrepI\\IdeaAPITesting\\bin\\Debug\\net6.0\\fine-code-coverage\\build-output\\IdeaAPITesting.dll","CodeFilePath":null,"LineNumber":0,"Properties":[{"Key":{"Id":"NUnit.Seed","Label":"Seed","Category":"","Description":"","Attributes":0,"ValueType":"System.String"},"Value":"995322627"}]},"Attachments":[],"Outcome":1,"ErrorMessage":null,"ErrorStackTrace":null,"DisplayName":"DeleteIdea_WithWrongId_ShouldFail","Messages":[],"ComputerName":"04011987","Duration":"00:00:00.3580540","StartTime":"2024-04-22T13:20:56.784489+00:00","EndTime":"2024-04-22T13:20:57.1425423+00:00","Properties":[{"Key":{"Id":"NUnit.Seed","Label":"Seed","Category":"","Description":"","Attributes":0,"ValueType":"System.String"},"Value":"995322627"}]}],"TestRunStatistics":{"ExecutedTests":7,"Stats":{"Passed":7}},"ActiveTests":[]},"RunAttachments":[],"ExecutorUris":["executor://nunit3testexecutor/"]}}
TpTrace Verbose: 0 : 46360, 7, 2024/04/22, 16:20:57.187, 10008365415756, vstest.console.dll, TestRequestSender.EndSession: Sending end session.
TpTrace Verbose: 0 : 46360, 7, 2024/04/22, 16:20:57.187, 10008365419587, vstest.console.dll, ProxyOperationManager.Close: waiting for test host to exit for 100 ms
TpTrace Verbose: 0 : 46360, 11, 2024/04/22, 16:20:57.201, 10008365557946, vstest.console.dll, TestHostManagerCallbacks.ctor: Experimental forwarding output is disabled.
TpTrace Warning: 0 : 46360, 11, 2024/04/22, 16:20:57.201, 10008365560370, vstest.console.dll, TestHostManagerCallbacks.ErrorReceivedCallback Test host standard error line: 
TpTrace Verbose: 0 : 46360, 11, 2024/04/22, 16:20:57.215, 10008365704457, vstest.console.dll, TestHostProvider.ExitCallBack: Host exited starting callback.
TpTrace Information: 0 : 46360, 11, 2024/04/22, 16:20:57.216, 10008365706822, vstest.console.dll, TestHostManagerCallbacks.ExitCallBack: Testhost processId: 34272 exited with exitcode: 0 error: ''
TpTrace Verbose: 0 : 46360, 11, 2024/04/22, 16:20:57.216, 10008365707482, vstest.console.dll, DotnetTestHostManager.OnHostExited: invoking OnHostExited callback
TpTrace Verbose: 0 : 46360, 11, 2024/04/22, 16:20:57.216, 10008365708351, vstest.console.dll, CrossPlatEngine.TestHostManagerHostExited: calling on client process exit callback.
TpTrace Information: 0 : 46360, 11, 2024/04/22, 16:20:57.216, 10008365709074, vstest.console.dll, TestRequestSender.OnClientProcessExit: Test host process exited. Standard error: 
TpTrace Information: 0 : 46360, 7, 2024/04/22, 16:20:57.216, 10008365709517, vstest.console.dll, SocketServer.Stop: Stop server endPoint: 127.0.0.1:64434
TpTrace Information: 0 : 46360, 7, 2024/04/22, 16:20:57.216, 10008365710568, vstest.console.dll, SocketServer.Stop: Cancellation requested. Stopping message loop.
TpTrace Information: 0 : 46360, 11, 2024/04/22, 16:20:57.216, 10008365710114, vstest.console.dll, SocketServer.Stop: Stop server endPoint: 127.0.0.1:64434
TpTrace Information: 0 : 46360, 7, 2024/04/22, 16:20:57.216, 10008365712796, vstest.console.dll, Closing the connection
TpTrace Information: 0 : 46360, 11, 2024/04/22, 16:20:57.216, 10008365712889, vstest.console.dll, SocketServer.Stop: Cancellation requested. Stopping message loop.
TpTrace Verbose: 0 : 46360, 11, 2024/04/22, 16:20:57.216, 10008365714658, vstest.console.dll, MulticastDelegateUtilities.SafeInvoke: HostProviderEvents.OnHostExited: Invoking callback 1/1 for Microsoft.VisualStudio.TestPlatform.CrossPlatEngine.Client.ProxyOperationManager., took 0 ms.
TpTrace Verbose: 0 : 46360, 7, 2024/04/22, 16:20:57.217, 10008365717599, vstest.console.dll, ProxyDataCollectionManager.InvokeDataCollectionServiceAction: Starting.
TpTrace Information: 0 : 46360, 7, 2024/04/22, 16:20:57.217, 10008365718349, vstest.console.dll, ProxyDataCollectionManager.AfterTestRunEnd: Get attachment set and invoked data collectors processId: 39760 port: 64431
TpTrace Verbose: 0 : 46360, 7, 2024/04/22, 16:20:57.217, 10008365718941, vstest.console.dll, DataCollectionRequestSender.SendAfterTestRunStartAndGetResult: Send AfterTestRunEnd message with isCancelled: False
TpTrace Verbose: 0 : 46360, 7, 2024/04/22, 16:20:57.227, 10008365818633, vstest.console.dll, DataCollectionRequestSender.SendAfterTestRunStartAndGetResult: Received message: (DataCollection.AfterTestRunEndResult) -> {"MessageType":"DataCollection.AfterTestRunEndResult","Payload":{"AttachmentSets":[],"InvokedDataCollectors":[{"Uri":"datacollector://Microsoft/TestPlatform/Extensions/Blame/v1","FriendlyName":"Blame","AssemblyQualifiedName":"Microsoft.TestPlatform.Extensions.BlameDataCollector.BlameCollector, Microsoft.TestPlatform.Extensions.BlameDataCollector, Version=15.0.0.0, Culture=neutral, PublicKeyToken=b03f5f7f11d50a3a","FilePath":"C:\\Program Files\\dotnet\\sdk\\8.0.200\\Extensions\\Microsoft.TestPlatform.Extensions.BlameDataCollector.dll","HasAttachmentProcessor":false}],"Metrics":{}}}
TpTrace Information: 0 : 46360, 7, 2024/04/22, 16:20:57.236, 10008365908548, vstest.console.dll, ProxyDataCollectionManager.InvokeDataCollectionServiceAction: Completed.
TpTrace Warning: 0 : 46360, 10, 2024/04/22, 16:20:57.240, 10008365954450, vstest.console.dll, DataCollectionLauncher.ErrorReceivedCallback datacollector standard error line: 
TpTrace Information: 0 : 46360, 10, 2024/04/22, 16:20:57.251, 10008366063345, vstest.console.dll, DataCollectionLauncher.ExitCallBack: Data collector exited with exitcode: 0 error: ''
TpTrace Verbose: 0 : 46360, 7, 2024/04/22, 16:20:57.290, 10008366455132, vstest.console.dll, TestRunRequest:SendTestRunStatsChange: Starting.
TpTrace Verbose: 0 : 46360, 7, 2024/04/22, 16:20:57.291, 10008366456968, vstest.console.dll, MulticastDelegateUtilities.SafeInvoke: TestRun.RunStatsChanged: Invoking callbacks was skipped because there are no subscribers.
TpTrace Information: 0 : 46360, 7, 2024/04/22, 16:20:57.291, 10008366457373, vstest.console.dll, TestRunRequest:SendTestRunStatsChange: Completed.
TpTrace Verbose: 0 : 46360, 4, 2024/04/22, 16:20:57.291, 10008366459115, vstest.console.dll, MulticastDelegateUtilities.SafeInvoke: InternalTestLoggerEvents.SendTestResult: Invoking callback 1/1 for Microsoft.VisualStudio.TestPlatform.CommandLine.Internal.ConsoleLogger., took 0 ms.
TpTrace Verbose: 0 : 46360, 7, 2024/04/22, 16:20:57.291, 10008366460446, vstest.console.dll, ParallelProxyExecutionManager: HandlePartialRunComplete: Total workloads = 1, Total started clients = 1 Total completed clients = 1, Run complete = True, Run canceled: False.
TpTrace Verbose: 0 : 46360, 7, 2024/04/22, 16:20:57.291, 10008366461864, vstest.console.dll, ParallelProxyExecutionManager: HandlePartialRunComplete: All runs completed stopping all managers.
TpTrace Verbose: 0 : 46360, 4, 2024/04/22, 16:20:57.291, 10008366461200, vstest.console.dll, MulticastDelegateUtilities.SafeInvoke: InternalTestLoggerEvents.SendTestResult: Invoking callback 1/1 for Microsoft.VisualStudio.TestPlatform.CommandLine.Internal.ConsoleLogger., took 0 ms.
TpTrace Verbose: 0 : 46360, 7, 2024/04/22, 16:20:57.291, 10008366462366, vstest.console.dll, ParallelOperationManager.StopAllManagers: Stopping all managers.
TpTrace Verbose: 0 : 46360, 4, 2024/04/22, 16:20:57.291, 10008366463885, vstest.console.dll, MulticastDelegateUtilities.SafeInvoke: InternalTestLoggerEvents.SendTestResult: Invoking callback 1/1 for Microsoft.VisualStudio.TestPlatform.CommandLine.Internal.ConsoleLogger., took 0 ms.
TpTrace Verbose: 0 : 46360, 7, 2024/04/22, 16:20:57.291, 10008366465330, vstest.console.dll, ParallelOperationManager.ClearSlots: Clearing all slots. Slots should accept more work: False
TpTrace Verbose: 0 : 46360, 4, 2024/04/22, 16:20:57.292, 10008366466880, vstest.console.dll, MulticastDelegateUtilities.SafeInvoke: InternalTestLoggerEvents.SendTestResult: Invoking callback 1/1 for Microsoft.VisualStudio.TestPlatform.CommandLine.Internal.ConsoleLogger., took 0 ms.
TpTrace Verbose: 0 : 46360, 7, 2024/04/22, 16:20:57.292, 10008366467012, vstest.console.dll, ParallelOperationManager.SetOccupiedSlotCount: Setting slot counts AvailableSlotCount = 3, OccupiedSlotCount = 0.
TpTrace Verbose: 0 : 46360, 4, 2024/04/22, 16:20:57.292, 10008366467716, vstest.console.dll, MulticastDelegateUtilities.SafeInvoke: InternalTestLoggerEvents.SendTestResult: Invoking callback 1/1 for Microsoft.VisualStudio.TestPlatform.CommandLine.Internal.ConsoleLogger., took 0 ms.
TpTrace Verbose: 0 : 46360, 7, 2024/04/22, 16:20:57.292, 10008366469889, vstest.console.dll, Occupied slots:

TpTrace Verbose: 0 : 46360, 4, 2024/04/22, 16:20:57.304, 10008366587995, vstest.console.dll, MulticastDelegateUtilities.SafeInvoke: InternalTestLoggerEvents.SendTestRunComplete: Invoking callback 1/2 for Microsoft.TestPlatform.Extensions.BlameDataCollector.BlameLogger., took 0 ms.
TpTrace Verbose: 0 : 46360, 4, 2024/04/22, 16:20:57.311, 10008366657747, vstest.console.dll, MulticastDelegateUtilities.SafeInvoke: InternalTestLoggerEvents.SendTestRunComplete: Invoking callback 2/2 for Microsoft.VisualStudio.TestPlatform.CommandLine.Internal.ConsoleLogger., took 6 ms.
TpTrace Verbose: 0 : 46360, 7, 2024/04/22, 16:20:57.311, 10008366663538, vstest.console.dll, TestRunRequest:TestRunComplete: Starting. IsAborted:False IsCanceled:False.
TpTrace Verbose: 0 : 46360, 7, 2024/04/22, 16:20:57.312, 10008366667058, vstest.console.dll, ParallelOperationManager.DoActionOnAllManagers: Calling an action on all managers.
TpTrace Verbose: 0 : 46360, 7, 2024/04/22, 16:20:57.315, 10008366700970, vstest.console.dll, TestLoggerManager.HandleTestRunComplete: Ignoring as the object is disposed.
TpTrace Verbose: 0 : 46360, 7, 2024/04/22, 16:20:57.316, 10008366705758, vstest.console.dll, MulticastDelegateUtilities.SafeInvoke: TestRun.TestRunComplete: Invoking callback 1/2 for Microsoft.VisualStudio.TestPlatform.CommandLine.TestRunResultAggregator., took 0 ms.
TpTrace Verbose: 0 : 46360, 7, 2024/04/22, 16:20:57.316, 10008366707784, vstest.console.dll, MulticastDelegateUtilities.SafeInvoke: TestRun.TestRunComplete: Invoking callback 2/2 for Microsoft.VisualStudio.TestPlatform.CommandLine.Processors.RunTestsArgumentExecutor+TestRunRequestEventsRegistrar., took 0 ms.
TpTrace Information: 0 : 46360, 7, 2024/04/22, 16:20:57.316, 10008366709845, vstest.console.dll, TestRunRequest:TestRunComplete: Completed.
TpTrace Verbose: 0 : 46360, 1, 2024/04/22, 16:20:57.316, 10008366710221, vstest.console.dll, TestRunRequest.Dispose: Starting.
TpTrace Verbose: 0 : 46360, 7, 2024/04/22, 16:20:57.316, 10008366710673, vstest.console.dll, TestRequestSender.SetOperationComplete: Setting operation complete.
TpTrace Information: 0 : 46360, 1, 2024/04/22, 16:20:57.316, 10008366712221, vstest.console.dll, TestRunRequest.Dispose: Completed.
TpTrace Information: 0 : 46360, 7, 2024/04/22, 16:20:57.316, 10008366712898, vstest.console.dll, SocketServer.Stop: Stop server endPoint: 127.0.0.1:64434
TpTrace Information: 0 : 46360, 1, 2024/04/22, 16:20:57.316, 10008366714041, vstest.console.dll, TestRequestManager.RunTests: run tests completed.
TpTrace Information: 0 : 46360, 7, 2024/04/22, 16:20:57.316, 10008366714564, vstest.console.dll, SocketServer.Stop: Cancellation requested. Stopping message loop.
TpTrace Information: 0 : 46360, 1, 2024/04/22, 16:20:57.317, 10008366716010, vstest.console.dll, RunTestsArgumentProcessor:Execute: Test run is completed.
TpTrace Verbose: 0 : 46360, 7, 2024/04/22, 16:20:57.317, 10008366716291, vstest.console.dll, MulticastDelegateUtilities.SafeInvoke: LengthPrefixCommunicationChannel: MessageReceived: Invoking callback 1/1 for Microsoft.VisualStudio.TestPlatform.CommunicationUtilities.TestRequestSender+<>c__DisplayClass34_0., took 130 ms.
TpTrace Information: 0 : 46360, 7, 2024/04/22, 16:20:57.317, 10008366717277, vstest.console.dll, SocketServer.PrivateStop: Stopping server endPoint: 127.0.0.1:64434 error: 
TpTrace Verbose: 0 : 46360, 1, 2024/04/22, 16:20:57.317, 10008366720558, vstest.console.dll, Executor.Execute: Exiting with exit code of 0
